<?xml version="1.0" encoding="UTF-8"?>
<!-- Generated by org.testng.reporters.JUnitXMLReporter -->
<testsuite ignored="126" hostname="DESKTOP-73VT5SL" failures="8" tests="87" name="Test" time="8816.967" errors="0" timestamp="2024-07-09T15:02:28 IST">
  <testcase classname="smoke_suite.ALC_4358" name="createSplitBranchAndAddMember" time="482.535"/>
  <testcase classname="smoke_suite.ALC_4358" name="disableBranchInApp" time="72.906"/>
  <testcase classname="smoke_suite.ALC_4358" name="createNonSplitBranchAndProcessor" time="18.168"/>
  <testcase classname="smoke_suite.ALC_4358" name="transaction_SplitBranch_NormalBranch" time="105.768"/>
  <testcase classname="smoke_suite.ALC_4358" name="verifyInAlchemy" time="37.885">
    <failure type="java.lang.AssertionError">
      <![CDATA[java.lang.AssertionError
at alchemy_Pages.Branches.splitBranchVerify(Branches.java:395)
at smoke_suite.ALC_4358.verifyInAlchemy(ALC_4358.java:81)
at java.base/java.util.ArrayList.forEach(ArrayList.java:1511)
... Removed 27 stack frames]]>
    </failure>
  </testcase> <!-- verifyInAlchemy -->
  <testcase classname="smoke_suite.ALC_4358" name="transactionProcessorBranch" time="106.29"/>
  <testcase classname="smoke_suite.ALC_1711" name="createAndPerformTransaction" time="49.917"/>
  <testcase classname="smoke_suite.ALC_1711" name="kgRecycledAndBonusInBranchExcHistoryBeforeVoid" time="126.417"/>
  <testcase classname="smoke_suite.ALC_1711" name="dashBoardVerificationsBeforeVoid" time="48.201"/>
  <testcase classname="smoke_suite.ALC_1711" name="bonusOrderExcHisVerificationBeforeVoid" time="53.842"/>
  <testcase classname="smoke_suite.ALC_1711" name="ExcHisBonusVerificationBeforeVoid" time="81.677"/>
  <testcase classname="smoke_suite.ALC_1711" name="approveBonus" time="47.807"/>
  <testcase classname="smoke_suite.ALC_1711" name="verifyBonusInAlchmeyAfterBonusPaid" time="28.851"/>
  <testcase classname="smoke_suite.ALC_1711" name="verifyBonusInAppAfterBonusPaid" time="178.397"/>
  <testcase classname="smoke_suite.ALC_1711" name="voidTransaction" time="13.754"/>
  <testcase classname="smoke_suite.ALC_1711" name="kgRecycledInBranchAfterVoid" time="117.672"/>
  <testcase classname="smoke_suite.ALC_1711" name="dashBoardVerificationsAfterVoid" time="81.487"/>
  <testcase classname="smoke_suite.ALC_1711" name="bonusOrderExcHisVerificationAfterVoid" time="45.649"/>
  <testcase classname="smoke_suite.ALC_1711" name="bonusProgressInSummaryTabAfterVoid" time="23.48"/>
  <testcase classname="smoke_suite.ALC_1711" name="reclaimToken" time="15.165"/>
  <testcase classname="smoke_suite.ALC_1711" name="verifyBonusInAppAfterReclaimToken" time="177.323"/>
  <testcase classname="smoke_suite.ALC_1711" name="verifyBonusInAlchmeyAfterReclaimToken" time="29.462"/>
  <testcase classname="smoke_suite.ALC_1711" name="bonusExchangeHistoryTransaction" time="14.492"/>
  <testcase classname="smoke_suite.ALC_1711" name="branchExchangeHistoryBonus" time="66.51"/>
  <testcase classname="smoke_suite.ALC_258" name="createdata" time="27.938"/>
  <testcase classname="smoke_suite.ALC_258" name="checkalchemy" time="30.432"/>
  <testcase classname="smoke_suite.ALC_258" name="dotransactions" time="191.876"/>
  <testcase classname="smoke_suite.ALC_258" name="selltoprocessor" time="167.462"/>
  <testcase classname="smoke_suite.ALC_258" name="verifytransactions" time="63.017"/>
  <testcase classname="smoke_suite.ALC_347" name="create_a_member_with_tokens" time="43.828"/>
  <testcase classname="smoke_suite.ALC_347" name="verify_tokens_present_in_app" time="50.242"/>
  <testcase classname="smoke_suite.ALC_347" name="reclaim_tokens_on_alchemy" time="2.402"/>
  <testcase classname="smoke_suite.ALC_347" name="verify_tokens_not_present_in_app" time="60.642"/>
  <testcase classname="smoke_suite.ALC_348" name="createbranch" time="10.868"/>
  <testcase classname="smoke_suite.ALC_348" name="sendtokenstobranch" time="33.472"/>
  <testcase classname="smoke_suite.ALC_348" name="verifytokensinapp" time="57.263"/>
  <testcase classname="smoke_suite.ALC_348" name="reclaimtokens" time="4.348"/>
  <testcase classname="smoke_suite.ALC_348" name="verifytokensnotinapp" time="60.669"/>
  <testcase classname="smoke_suite.ALC_3609" name="preconditions" time="52.759"/>
  <testcase classname="smoke_suite.ALC_3609" name="gojekTransaction" time="44.365"/>
  <testcase classname="smoke_suite.ALC_3609" name="verifyTokensInApp" time="43.778"/>
  <testcase classname="smoke_suite.ALC_3609" name="verifyTokensInAlchemy" time="49.463"/>
  <testcase classname="smoke_suite.ALC_3710" name="preconditions" time="47.993"/>
  <testcase classname="smoke_suite.ALC_3710" name="gojekTransaction" time="127.056"/>
  <testcase classname="smoke_suite.ALC_3710" name="checktokens" time="163.44">
    <failure type="org.openqa.selenium.NoSuchElementException" message="Can&amp;apos;t locate an element by this strategy: By.chained({AppiumBy.androidUIAutomator: new UiSelector().text(&amp;quot;back&amp;quot;)})">
      <![CDATA[org.openqa.selenium.NoSuchElementException: Can't locate an element by this strategy: By.chained({AppiumBy.androidUIAutomator: new UiSelector().text("back")})
at io.appium.java_client.pagefactory.AppiumElementLocator.findElement(AppiumElementLocator.java:166)
at io.appium.java_client.pagefactory.interceptors.InterceptorOfASingleElement.call(InterceptorOfASingleElement.java:64)
at io.appium.java_client.proxy.Interceptor.intercept(Interceptor.java:78)
at org.openqa.selenium.remote.RemoteWebElement$ByteBuddy$WcArqPTy.click(Unknown Source)
at plastic_Bank_Pages.PB_Member_Profile.unlink(PB_Member_Profile.java:447)
at smoke_suite.ALC_3710.checktokens(ALC_3710.java:56)
at java.base/java.util.ArrayList.forEach(ArrayList.java:1511)
Caused by: org.openqa.selenium.TimeoutException: Expected condition failed: waiting for io.appium.java_client.pagefactory.AppiumElementLocator$WaitingFunction@65fe528 (tried for 1 second(s) with 500 milliseconds interval)
at org.openqa.selenium.support.ui.FluentWait.timeoutException(FluentWait.java:262)
at org.openqa.selenium.support.ui.FluentWait.until(FluentWait.java:230)
at io.appium.java_client.pagefactory.AppiumElementLocator.waitFor(AppiumElementLocator.java:135)
at io.appium.java_client.pagefactory.AppiumElementLocator.findElement(AppiumElementLocator.java:160)
... 33 more
Caused by: org.openqa.selenium.NoSuchElementException: Cannot locate an element using By.chained({AppiumBy.androidUIAutomator: new UiSelector().text("back")})
For documentation on this error, please visit: https://www.selenium.dev/documentation/webdriver/troubleshooting/errors#no-such-element-exception
Build info: version: '4.13.0', revision: 'ba948ece5b*'
System info: os.name: 'Windows 11', os.arch: 'amd64', os.version: '10.0', java.version: '17.0.6'
Driver info: driver.version: RemoteWebDriver
at io.appium.java_client.pagefactory.bys.builder.ByChained.findElement(ByChained.java:77)
at org.openqa.selenium.remote.ElementLocation$ElementFinder$1.findElement(ElementLocation.java:139)
at org.openqa.selenium.remote.ElementLocation.findElement(ElementLocation.java:59)
at org.openqa.selenium.remote.RemoteWebDriver.findElement(RemoteWebDriver.java:359)
at org.openqa.selenium.remote.RemoteWebDriver.findElement(RemoteWebDriver.java:353)
at io.appium.java_client.pagefactory.bys.ContentMappedBy.findElement(ContentMappedBy.java:53)
at org.openqa.selenium.remote.ElementLocation$ElementFinder$1.findElement(ElementLocation.java:139)
at org.openqa.selenium.remote.ElementLocation.findElement(ElementLocation.java:59)
at org.openqa.selenium.remote.RemoteWebDriver.findElement(RemoteWebDriver.java:359)
at org.openqa.selenium.remote.RemoteWebDriver.findElement(RemoteWebDriver.java:353)
at io.appium.java_client.pagefactory.AppiumElementLocator.lambda$findElement$1(AppiumElementLocator.java:160)
at io.appium.java_client.pagefactory.AppiumElementLocator$WaitingFunction.apply(AppiumElementLocator.java:217)
at io.appium.java_client.pagefactory.AppiumElementLocator$WaitingFunction.apply(AppiumElementLocator.java:210)
at org.openqa.selenium.support.ui.FluentWait.until(FluentWait.java:205)
... 35 more
... Removed 27 stack frames]]>
    </failure>
  </testcase> <!-- checktokens -->
  <testcase classname="smoke_suite.ALC_3710" name="checkforunverifiednum" time="85.267"/>
  <testcase classname="smoke_suite.ALC_4348" name="verifyUserCanNot" time="270.059"/>
  <testcase classname="smoke_suite.ALC_4348" name="verifyUserCanAfter3Min" time="305.241"/>
  <testcase classname="smoke_suite.ALC_4349" name="verifypasswordcriteria" time="48.932"/>
  <testcase classname="smoke_suite.ALC_4350" name="signUp" time="284.252"/>
  <testcase classname="smoke_suite.ALC_4350" name="loginAlchmey" time="12.934"/>
  <testcase classname="smoke_suite.ALC_4350" name="VerifyMemberAlchmey" time="85.349">
    <failure type="org.openqa.selenium.NoSuchElementException" message="no such element: Unable to locate element: {&amp;quot;method&amp;quot;:&amp;quot;xpath&amp;quot;,&amp;quot;selector&amp;quot;:&amp;quot;//div[@class=&amp;apos;container-fluid&amp;apos;]//datatable//table/tbody/tr[1]/td[1]/div/div&amp;quot;}
  (Session info: chrome=125.0.6422.61)
For documentation on this error, please visit: https://www.selenium.dev/documentation/webdriver/troubleshooting/errors#no-such-element-exception
Build info: version: &amp;apos;4.13.0&amp;apos;, revision: &amp;apos;ba948ece5b*&amp;apos;
System info: os.name: &amp;apos;Windows 11&amp;apos;, os.arch: &amp;apos;amd64&amp;apos;, os.version: &amp;apos;10.0&amp;apos;, java.version: &amp;apos;17.0.6&amp;apos;
Driver info: org.openqa.selenium.remote.RemoteWebDriver
Command: [618b7ab3606f0107a11761ef32721ee3, findElement {using=xpath, value=//div[@class=&amp;apos;container-fluid&amp;apos;]//datatable//table/tbody/tr[1]/td[1]/div/div}]
Capabilities {acceptInsecureCerts: false, browserName: chrome, browserVersion: 125.0.6422.61, chrome: {chromedriverVersion: 125.0.6422.76 (67dcf7562b8f..., userDataDir: C:\Program Files\scoped_dir...}, fedcm:accounts: true, goog:chromeOptions: {debuggerAddress: localhost:9225}, networkConnectionEnabled: false, pageLoadStrategy: normal, platformName: windows, proxy: Proxy(), setWindowRect: true, strictFileInteractability: false, timeouts: {implicit: 0, pageLoad: 300000, script: 30000}, unhandledPromptBehavior: dismiss and notify, webauthn:extension:credBlob: true, webauthn:extension:largeBlob: true, webauthn:extension:minPinLength: true, webauthn:extension:prf: true, webauthn:virtualAuthenticators: true}
Session ID: 618b7ab3606f0107a11761ef32721ee3">
      <![CDATA[org.openqa.selenium.NoSuchElementException: no such element: Unable to locate element: {"method":"xpath","selector":"//div[@class='container-fluid']//datatable//table/tbody/tr[1]/td[1]/div/div"}
  (Session info: chrome=125.0.6422.61)
For documentation on this error, please visit: https://www.selenium.dev/documentation/webdriver/troubleshooting/errors#no-such-element-exception
Build info: version: '4.13.0', revision: 'ba948ece5b*'
System info: os.name: 'Windows 11', os.arch: 'amd64', os.version: '10.0', java.version: '17.0.6'
Driver info: org.openqa.selenium.remote.RemoteWebDriver
Command: [618b7ab3606f0107a11761ef32721ee3, findElement {using=xpath, value=//div[@class='container-fluid']//datatable//table/tbody/tr[1]/td[1]/div/div}]
Capabilities {acceptInsecureCerts: false, browserName: chrome, browserVersion: 125.0.6422.61, chrome: {chromedriverVersion: 125.0.6422.76 (67dcf7562b8f..., userDataDir: C:\Program Files\scoped_dir...}, fedcm:accounts: true, goog:chromeOptions: {debuggerAddress: localhost:9225}, networkConnectionEnabled: false, pageLoadStrategy: normal, platformName: windows, proxy: Proxy(), setWindowRect: true, strictFileInteractability: false, timeouts: {implicit: 0, pageLoad: 300000, script: 30000}, unhandledPromptBehavior: dismiss and notify, webauthn:extension:credBlob: true, webauthn:extension:largeBlob: true, webauthn:extension:minPinLength: true, webauthn:extension:prf: true, webauthn:virtualAuthenticators: true}
Session ID: 618b7ab3606f0107a11761ef32721ee3
at org.openqa.selenium.remote.codec.w3c.W3CHttpResponseCodec.createException(W3CHttpResponseCodec.java:200)
at org.openqa.selenium.remote.codec.w3c.W3CHttpResponseCodec.decode(W3CHttpResponseCodec.java:133)
at org.openqa.selenium.remote.codec.w3c.W3CHttpResponseCodec.decode(W3CHttpResponseCodec.java:52)
at org.openqa.selenium.remote.HttpCommandExecutor.execute(HttpCommandExecutor.java:191)
at org.openqa.selenium.remote.TracedCommandExecutor.execute(TracedCommandExecutor.java:51)
at org.openqa.selenium.remote.RemoteWebDriver.execute(RemoteWebDriver.java:602)
at org.openqa.selenium.remote.ElementLocation$ElementFinder$2.findElement(ElementLocation.java:165)
at org.openqa.selenium.remote.ElementLocation.findElement(ElementLocation.java:59)
at org.openqa.selenium.remote.RemoteWebDriver.findElement(RemoteWebDriver.java:359)
at org.openqa.selenium.remote.RemoteWebDriver.findElement(RemoteWebDriver.java:353)
at org.openqa.selenium.support.pagefactory.DefaultElementLocator.findElement(DefaultElementLocator.java:68)
at org.openqa.selenium.support.pagefactory.internal.LocatingElementHandler.invoke(LocatingElementHandler.java:38)
at jdk.proxy2/jdk.proxy2.$Proxy26.getText(Unknown Source)
at alchemy_Pages.Members.selectAndverifyMember(Members.java:310)
at smoke_suite.ALC_4350.VerifyMemberAlchmey(ALC_4350.java:69)
at java.base/java.util.ArrayList.forEach(ArrayList.java:1511)
... Removed 31 stack frames]]>
    </failure>
  </testcase> <!-- VerifyMemberAlchmey -->
  <testcase classname="smoke_suite.ALC_4350" name="createBranchAndMember" time="239.273"/>
  <testcase classname="smoke_suite.ALC_4350" name="EditMemberDetails" time="90.072">
    <failure type="org.openqa.selenium.NoSuchElementException" message="no such element: Unable to locate element: {&amp;quot;method&amp;quot;:&amp;quot;xpath&amp;quot;,&amp;quot;selector&amp;quot;:&amp;quot;//div[@class=&amp;apos;container-fluid&amp;apos;]//datatable//table/tbody/tr[1]/td[1]/div/div&amp;quot;}
  (Session info: chrome=125.0.6422.61)
For documentation on this error, please visit: https://www.selenium.dev/documentation/webdriver/troubleshooting/errors#no-such-element-exception
Build info: version: &amp;apos;4.13.0&amp;apos;, revision: &amp;apos;ba948ece5b*&amp;apos;
System info: os.name: &amp;apos;Windows 11&amp;apos;, os.arch: &amp;apos;amd64&amp;apos;, os.version: &amp;apos;10.0&amp;apos;, java.version: &amp;apos;17.0.6&amp;apos;
Driver info: org.openqa.selenium.remote.RemoteWebDriver
Command: [618b7ab3606f0107a11761ef32721ee3, findElement {using=xpath, value=//div[@class=&amp;apos;container-fluid&amp;apos;]//datatable//table/tbody/tr[1]/td[1]/div/div}]
Capabilities {acceptInsecureCerts: false, browserName: chrome, browserVersion: 125.0.6422.61, chrome: {chromedriverVersion: 125.0.6422.76 (67dcf7562b8f..., userDataDir: C:\Program Files\scoped_dir...}, fedcm:accounts: true, goog:chromeOptions: {debuggerAddress: localhost:9225}, networkConnectionEnabled: false, pageLoadStrategy: normal, platformName: windows, proxy: Proxy(), setWindowRect: true, strictFileInteractability: false, timeouts: {implicit: 0, pageLoad: 300000, script: 30000}, unhandledPromptBehavior: dismiss and notify, webauthn:extension:credBlob: true, webauthn:extension:largeBlob: true, webauthn:extension:minPinLength: true, webauthn:extension:prf: true, webauthn:virtualAuthenticators: true}
Session ID: 618b7ab3606f0107a11761ef32721ee3">
      <![CDATA[org.openqa.selenium.NoSuchElementException: no such element: Unable to locate element: {"method":"xpath","selector":"//div[@class='container-fluid']//datatable//table/tbody/tr[1]/td[1]/div/div"}
  (Session info: chrome=125.0.6422.61)
For documentation on this error, please visit: https://www.selenium.dev/documentation/webdriver/troubleshooting/errors#no-such-element-exception
Build info: version: '4.13.0', revision: 'ba948ece5b*'
System info: os.name: 'Windows 11', os.arch: 'amd64', os.version: '10.0', java.version: '17.0.6'
Driver info: org.openqa.selenium.remote.RemoteWebDriver
Command: [618b7ab3606f0107a11761ef32721ee3, findElement {using=xpath, value=//div[@class='container-fluid']//datatable//table/tbody/tr[1]/td[1]/div/div}]
Capabilities {acceptInsecureCerts: false, browserName: chrome, browserVersion: 125.0.6422.61, chrome: {chromedriverVersion: 125.0.6422.76 (67dcf7562b8f..., userDataDir: C:\Program Files\scoped_dir...}, fedcm:accounts: true, goog:chromeOptions: {debuggerAddress: localhost:9225}, networkConnectionEnabled: false, pageLoadStrategy: normal, platformName: windows, proxy: Proxy(), setWindowRect: true, strictFileInteractability: false, timeouts: {implicit: 0, pageLoad: 300000, script: 30000}, unhandledPromptBehavior: dismiss and notify, webauthn:extension:credBlob: true, webauthn:extension:largeBlob: true, webauthn:extension:minPinLength: true, webauthn:extension:prf: true, webauthn:virtualAuthenticators: true}
Session ID: 618b7ab3606f0107a11761ef32721ee3
at org.openqa.selenium.remote.codec.w3c.W3CHttpResponseCodec.createException(W3CHttpResponseCodec.java:200)
at org.openqa.selenium.remote.codec.w3c.W3CHttpResponseCodec.decode(W3CHttpResponseCodec.java:133)
at org.openqa.selenium.remote.codec.w3c.W3CHttpResponseCodec.decode(W3CHttpResponseCodec.java:52)
at org.openqa.selenium.remote.HttpCommandExecutor.execute(HttpCommandExecutor.java:191)
at org.openqa.selenium.remote.TracedCommandExecutor.execute(TracedCommandExecutor.java:51)
at org.openqa.selenium.remote.RemoteWebDriver.execute(RemoteWebDriver.java:602)
at org.openqa.selenium.remote.ElementLocation$ElementFinder$2.findElement(ElementLocation.java:165)
at org.openqa.selenium.remote.ElementLocation.findElement(ElementLocation.java:59)
at org.openqa.selenium.remote.RemoteWebDriver.findElement(RemoteWebDriver.java:359)
at org.openqa.selenium.remote.RemoteWebDriver.findElement(RemoteWebDriver.java:353)
at org.openqa.selenium.support.pagefactory.DefaultElementLocator.findElement(DefaultElementLocator.java:68)
at org.openqa.selenium.support.pagefactory.internal.LocatingElementHandler.invoke(LocatingElementHandler.java:38)
at jdk.proxy2/jdk.proxy2.$Proxy26.click(Unknown Source)
at alchemy_Pages.Members.clickSpecificMember(Members.java:268)
at alchemy_Pages.Members.editMemberDetails(Members.java:329)
at smoke_suite.ALC_4350.EditMemberDetails(ALC_4350.java:93)
at java.base/java.util.ArrayList.forEach(ArrayList.java:1511)
... Removed 31 stack frames]]>
    </failure>
  </testcase> <!-- EditMemberDetails -->
  <testcase classname="smoke_suite.ALC_4350" name="loginBranchMemberPB" time="60.236"/>
  <testcase classname="smoke_suite.ALC_4350" name="suspendMemberALC" time="83.762">
    <failure type="org.openqa.selenium.NoSuchElementException" message="no such element: Unable to locate element: {&amp;quot;method&amp;quot;:&amp;quot;xpath&amp;quot;,&amp;quot;selector&amp;quot;:&amp;quot;//div[@class=&amp;apos;container-fluid&amp;apos;]//datatable//table/tbody/tr[1]/td[1]/div/div&amp;quot;}
  (Session info: chrome=125.0.6422.61)
For documentation on this error, please visit: https://www.selenium.dev/documentation/webdriver/troubleshooting/errors#no-such-element-exception
Build info: version: &amp;apos;4.13.0&amp;apos;, revision: &amp;apos;ba948ece5b*&amp;apos;
System info: os.name: &amp;apos;Windows 11&amp;apos;, os.arch: &amp;apos;amd64&amp;apos;, os.version: &amp;apos;10.0&amp;apos;, java.version: &amp;apos;17.0.6&amp;apos;
Driver info: org.openqa.selenium.remote.RemoteWebDriver
Command: [618b7ab3606f0107a11761ef32721ee3, findElement {using=xpath, value=//div[@class=&amp;apos;container-fluid&amp;apos;]//datatable//table/tbody/tr[1]/td[1]/div/div}]
Capabilities {acceptInsecureCerts: false, browserName: chrome, browserVersion: 125.0.6422.61, chrome: {chromedriverVersion: 125.0.6422.76 (67dcf7562b8f..., userDataDir: C:\Program Files\scoped_dir...}, fedcm:accounts: true, goog:chromeOptions: {debuggerAddress: localhost:9225}, networkConnectionEnabled: false, pageLoadStrategy: normal, platformName: windows, proxy: Proxy(), setWindowRect: true, strictFileInteractability: false, timeouts: {implicit: 0, pageLoad: 300000, script: 30000}, unhandledPromptBehavior: dismiss and notify, webauthn:extension:credBlob: true, webauthn:extension:largeBlob: true, webauthn:extension:minPinLength: true, webauthn:extension:prf: true, webauthn:virtualAuthenticators: true}
Session ID: 618b7ab3606f0107a11761ef32721ee3">
      <![CDATA[org.openqa.selenium.NoSuchElementException: no such element: Unable to locate element: {"method":"xpath","selector":"//div[@class='container-fluid']//datatable//table/tbody/tr[1]/td[1]/div/div"}
  (Session info: chrome=125.0.6422.61)
For documentation on this error, please visit: https://www.selenium.dev/documentation/webdriver/troubleshooting/errors#no-such-element-exception
Build info: version: '4.13.0', revision: 'ba948ece5b*'
System info: os.name: 'Windows 11', os.arch: 'amd64', os.version: '10.0', java.version: '17.0.6'
Driver info: org.openqa.selenium.remote.RemoteWebDriver
Command: [618b7ab3606f0107a11761ef32721ee3, findElement {using=xpath, value=//div[@class='container-fluid']//datatable//table/tbody/tr[1]/td[1]/div/div}]
Capabilities {acceptInsecureCerts: false, browserName: chrome, browserVersion: 125.0.6422.61, chrome: {chromedriverVersion: 125.0.6422.76 (67dcf7562b8f..., userDataDir: C:\Program Files\scoped_dir...}, fedcm:accounts: true, goog:chromeOptions: {debuggerAddress: localhost:9225}, networkConnectionEnabled: false, pageLoadStrategy: normal, platformName: windows, proxy: Proxy(), setWindowRect: true, strictFileInteractability: false, timeouts: {implicit: 0, pageLoad: 300000, script: 30000}, unhandledPromptBehavior: dismiss and notify, webauthn:extension:credBlob: true, webauthn:extension:largeBlob: true, webauthn:extension:minPinLength: true, webauthn:extension:prf: true, webauthn:virtualAuthenticators: true}
Session ID: 618b7ab3606f0107a11761ef32721ee3
at org.openqa.selenium.remote.codec.w3c.W3CHttpResponseCodec.createException(W3CHttpResponseCodec.java:200)
at org.openqa.selenium.remote.codec.w3c.W3CHttpResponseCodec.decode(W3CHttpResponseCodec.java:133)
at org.openqa.selenium.remote.codec.w3c.W3CHttpResponseCodec.decode(W3CHttpResponseCodec.java:52)
at org.openqa.selenium.remote.HttpCommandExecutor.execute(HttpCommandExecutor.java:191)
at org.openqa.selenium.remote.TracedCommandExecutor.execute(TracedCommandExecutor.java:51)
at org.openqa.selenium.remote.RemoteWebDriver.execute(RemoteWebDriver.java:602)
at org.openqa.selenium.remote.ElementLocation$ElementFinder$2.findElement(ElementLocation.java:165)
at org.openqa.selenium.remote.ElementLocation.findElement(ElementLocation.java:59)
at org.openqa.selenium.remote.RemoteWebDriver.findElement(RemoteWebDriver.java:359)
at org.openqa.selenium.remote.RemoteWebDriver.findElement(RemoteWebDriver.java:353)
at org.openqa.selenium.support.pagefactory.DefaultElementLocator.findElement(DefaultElementLocator.java:68)
at org.openqa.selenium.support.pagefactory.internal.LocatingElementHandler.invoke(LocatingElementHandler.java:38)
at jdk.proxy2/jdk.proxy2.$Proxy26.click(Unknown Source)
at alchemy_Pages.Members.clickSpecificMember(Members.java:268)
at alchemy_Pages.Members.suspendMember(Members.java:355)
at smoke_suite.ALC_4350.suspendMemberALC(ALC_4350.java:114)
at java.base/java.util.ArrayList.forEach(ArrayList.java:1511)
... Removed 31 stack frames]]>
    </failure>
  </testcase> <!-- suspendMemberALC -->
  <testcase classname="smoke_suite.ALC_4350" name="memberSuspendVerify" time="101.319">
    <failure type="org.openqa.selenium.NoSuchElementException" message="Can&amp;apos;t locate an element by this strategy: By.chained({AppiumBy.androidUIAutomator: new UiSelector().textContains(&amp;quot;Account Suspended&amp;quot;)})">
      <![CDATA[org.openqa.selenium.NoSuchElementException: Can't locate an element by this strategy: By.chained({AppiumBy.androidUIAutomator: new UiSelector().textContains("Account Suspended")})
at io.appium.java_client.pagefactory.AppiumElementLocator.findElement(AppiumElementLocator.java:166)
at io.appium.java_client.pagefactory.interceptors.InterceptorOfASingleElement.call(InterceptorOfASingleElement.java:64)
at io.appium.java_client.proxy.Interceptor.intercept(Interceptor.java:78)
at org.openqa.selenium.remote.RemoteWebElement$ByteBuddy$ni4Un1TU.isDisplayed(Unknown Source)
at plastic_Bank_Pages.PB_Register_CollectionPoint.verifysuspendedmember(PB_Register_CollectionPoint.java:533)
at smoke_suite.ALC_4350.memberSuspendVerify(ALC_4350.java:125)
at java.base/java.util.ArrayList.forEach(ArrayList.java:1511)
Caused by: org.openqa.selenium.TimeoutException: Expected condition failed: waiting for io.appium.java_client.pagefactory.AppiumElementLocator$WaitingFunction@df890a8 (tried for 1 second(s) with 500 milliseconds interval)
at org.openqa.selenium.support.ui.FluentWait.timeoutException(FluentWait.java:262)
at org.openqa.selenium.support.ui.FluentWait.until(FluentWait.java:230)
at io.appium.java_client.pagefactory.AppiumElementLocator.waitFor(AppiumElementLocator.java:135)
at io.appium.java_client.pagefactory.AppiumElementLocator.findElement(AppiumElementLocator.java:160)
... 33 more
Caused by: org.openqa.selenium.NoSuchElementException: Cannot locate an element using By.chained({AppiumBy.androidUIAutomator: new UiSelector().textContains("Account Suspended")})
For documentation on this error, please visit: https://www.selenium.dev/documentation/webdriver/troubleshooting/errors#no-such-element-exception
Build info: version: '4.13.0', revision: 'ba948ece5b*'
System info: os.name: 'Windows 11', os.arch: 'amd64', os.version: '10.0', java.version: '17.0.6'
Driver info: driver.version: RemoteWebDriver
at io.appium.java_client.pagefactory.bys.builder.ByChained.findElement(ByChained.java:77)
at org.openqa.selenium.remote.ElementLocation$ElementFinder$1.findElement(ElementLocation.java:139)
at org.openqa.selenium.remote.ElementLocation.findElement(ElementLocation.java:59)
at org.openqa.selenium.remote.RemoteWebDriver.findElement(RemoteWebDriver.java:359)
at org.openqa.selenium.remote.RemoteWebDriver.findElement(RemoteWebDriver.java:353)
at io.appium.java_client.pagefactory.bys.ContentMappedBy.findElement(ContentMappedBy.java:53)
at org.openqa.selenium.remote.ElementLocation$ElementFinder$1.findElement(ElementLocation.java:139)
at org.openqa.selenium.remote.ElementLocation.findElement(ElementLocation.java:59)
at org.openqa.selenium.remote.RemoteWebDriver.findElement(RemoteWebDriver.java:359)
at org.openqa.selenium.remote.RemoteWebDriver.findElement(RemoteWebDriver.java:353)
at io.appium.java_client.pagefactory.AppiumElementLocator.lambda$findElement$1(AppiumElementLocator.java:160)
at io.appium.java_client.pagefactory.AppiumElementLocator$WaitingFunction.apply(AppiumElementLocator.java:217)
at io.appium.java_client.pagefactory.AppiumElementLocator$WaitingFunction.apply(AppiumElementLocator.java:210)
at org.openqa.selenium.support.ui.FluentWait.until(FluentWait.java:205)
... 35 more
... Removed 27 stack frames]]>
    </failure>
  </testcase> <!-- memberSuspendVerify -->
  <testcase classname="smoke_suite.ALC_4350" name="branchSuspendMemberVerification" time="56.855"/>
  <testcase classname="smoke_suite.ALC_4355" name="createBonus" time="54.45"/>
  <testcase classname="smoke_suite.ALC_4355" name="editbonus" time="4.407"/>
  <testcase classname="smoke_suite.ALC_4357" name="member_Branch1_Transaction_KG_Bonus_App_Assertion" time="276.828"/>
  <testcase classname="smoke_suite.ALC_4357" name="member_Branch1_Transaction_KG_Bonus_Alchmey_Assertion" time="97.385"/>
  <testcase classname="smoke_suite.ALC_4357" name="Branch1_Branch2_Transaction_App_Assertions" time="180.122"/>
  <testcase classname="smoke_suite.ALC_4357" name="Branch1_Branch3_Transaction" time="173.33"/>
  <testcase classname="smoke_suite.ALC_4357" name="Branch2_Processor_Transaction" time="174.845"/>
  <testcase classname="smoke_suite.ALC_4357" name="Branch3_Processor_Transaction" time="190.906"/>
  <testcase classname="smoke_suite.ALC_4357" name="Verify_Bonus_Branch1" time="128.545"/>
  <testcase classname="smoke_suite.ALC_4357" name="Verify_Bonus_Branch2" time="85.161"/>
  <testcase classname="smoke_suite.ALC_4357" name="Verify_Bonus_Branch3" time="75.943"/>
  <testcase classname="smoke_suite.ALC_4357" name="Verify_Bonus_Processor" time="32.304"/>
  <testcase classname="smoke_suite.ALC_4357" name="Plastic_Chain_Before_Approval" time="40.074"/>
  <testcase classname="smoke_suite.ALC_4357" name="VerifyBonusOrderRecieptBranchAssertions" time="179.849"/>
  <testcase classname="smoke_suite.ALC_4357" name="VerifyBonusOrderBranchValueAssertions" time="80.802"/>
  <testcase classname="smoke_suite.ALC_4357" name="BonusTransferedCheck" time="165.823"/>
  <testcase classname="smoke_suite.ALC_4357" name="Plastic_Chain_After_Approval" time="45.616"/>
  <testcase classname="smoke_suite.ALC_4357" name="checkBonusTransferedInApp" time="252.704"/>
  <testcase classname="smoke_suite.ALC_4956" name="createmember" time="6.9"/>
  <testcase classname="smoke_suite.ALC_4956" name="changepassword" time="56.432"/>
  <testcase classname="smoke_suite.ALC_4956" name="loginWithNewPassword" time="42.789"/>
  <testcase classname="smoke_suite.ALC_4957" name="getmonthlyss" time="204.896">
    <failure type="org.openqa.selenium.NoSuchElementException" message="no such element: Unable to locate element: {&amp;quot;method&amp;quot;:&amp;quot;xpath&amp;quot;,&amp;quot;selector&amp;quot;:&amp;quot;//div[contains(@class,&amp;apos;percentage&amp;apos;)]/parent::div/following-sibling::div[7]/div&amp;quot;}
  (Session info: chrome=125.0.6422.61)
For documentation on this error, please visit: https://www.selenium.dev/documentation/webdriver/troubleshooting/errors#no-such-element-exception
Build info: version: &amp;apos;4.13.0&amp;apos;, revision: &amp;apos;ba948ece5b*&amp;apos;
System info: os.name: &amp;apos;Windows 11&amp;apos;, os.arch: &amp;apos;amd64&amp;apos;, os.version: &amp;apos;10.0&amp;apos;, java.version: &amp;apos;17.0.6&amp;apos;
Driver info: org.openqa.selenium.remote.RemoteWebDriver
Command: [f94878e15444cd6164e7ae94ab0ab50e, findElement {using=xpath, value=//div[contains(@class,&amp;apos;percentage&amp;apos;)]/parent::div/following-sibling::div[7]/div}]
Capabilities {acceptInsecureCerts: false, browserName: chrome, browserVersion: 125.0.6422.61, chrome: {chromedriverVersion: 125.0.6422.76 (67dcf7562b8f..., userDataDir: C:\Program Files\scoped_dir...}, fedcm:accounts: true, goog:chromeOptions: {debuggerAddress: localhost:9225}, networkConnectionEnabled: false, pageLoadStrategy: normal, platformName: windows, proxy: Proxy(), setWindowRect: true, strictFileInteractability: false, timeouts: {implicit: 0, pageLoad: 300000, script: 30000}, unhandledPromptBehavior: dismiss and notify, webauthn:extension:credBlob: true, webauthn:extension:largeBlob: true, webauthn:extension:minPinLength: true, webauthn:extension:prf: true, webauthn:virtualAuthenticators: true}
Session ID: f94878e15444cd6164e7ae94ab0ab50e">
      <![CDATA[org.openqa.selenium.NoSuchElementException: no such element: Unable to locate element: {"method":"xpath","selector":"//div[contains(@class,'percentage')]/parent::div/following-sibling::div[7]/div"}
  (Session info: chrome=125.0.6422.61)
For documentation on this error, please visit: https://www.selenium.dev/documentation/webdriver/troubleshooting/errors#no-such-element-exception
Build info: version: '4.13.0', revision: 'ba948ece5b*'
System info: os.name: 'Windows 11', os.arch: 'amd64', os.version: '10.0', java.version: '17.0.6'
Driver info: org.openqa.selenium.remote.RemoteWebDriver
Command: [f94878e15444cd6164e7ae94ab0ab50e, findElement {using=xpath, value=//div[contains(@class,'percentage')]/parent::div/following-sibling::div[7]/div}]
Capabilities {acceptInsecureCerts: false, browserName: chrome, browserVersion: 125.0.6422.61, chrome: {chromedriverVersion: 125.0.6422.76 (67dcf7562b8f..., userDataDir: C:\Program Files\scoped_dir...}, fedcm:accounts: true, goog:chromeOptions: {debuggerAddress: localhost:9225}, networkConnectionEnabled: false, pageLoadStrategy: normal, platformName: windows, proxy: Proxy(), setWindowRect: true, strictFileInteractability: false, timeouts: {implicit: 0, pageLoad: 300000, script: 30000}, unhandledPromptBehavior: dismiss and notify, webauthn:extension:credBlob: true, webauthn:extension:largeBlob: true, webauthn:extension:minPinLength: true, webauthn:extension:prf: true, webauthn:virtualAuthenticators: true}
Session ID: f94878e15444cd6164e7ae94ab0ab50e
at org.openqa.selenium.remote.codec.w3c.W3CHttpResponseCodec.createException(W3CHttpResponseCodec.java:200)
at org.openqa.selenium.remote.codec.w3c.W3CHttpResponseCodec.decode(W3CHttpResponseCodec.java:133)
at org.openqa.selenium.remote.codec.w3c.W3CHttpResponseCodec.decode(W3CHttpResponseCodec.java:52)
at org.openqa.selenium.remote.HttpCommandExecutor.execute(HttpCommandExecutor.java:191)
at org.openqa.selenium.remote.TracedCommandExecutor.execute(TracedCommandExecutor.java:51)
at org.openqa.selenium.remote.RemoteWebDriver.execute(RemoteWebDriver.java:602)
at org.openqa.selenium.remote.ElementLocation$ElementFinder$2.findElement(ElementLocation.java:165)
at org.openqa.selenium.remote.ElementLocation.findElement(ElementLocation.java:59)
at org.openqa.selenium.remote.RemoteWebDriver.findElement(RemoteWebDriver.java:359)
at org.openqa.selenium.remote.RemoteWebDriver.findElement(RemoteWebDriver.java:353)
at org.openqa.selenium.support.pagefactory.DefaultElementLocator.findElement(DefaultElementLocator.java:68)
at org.openqa.selenium.support.pagefactory.internal.LocatingElementHandler.invoke(LocatingElementHandler.java:38)
at jdk.proxy2/jdk.proxy2.$Proxy26.getText(Unknown Source)
at alchemy_Pages.Dashboard.getmssbeforetransaction(Dashboard.java:163)
at smoke_suite.ALC_4957.getmonthlyss(ALC_4957.java:23)
at java.base/java.util.ArrayList.forEach(ArrayList.java:1511)
... Removed 31 stack frames]]>
    </failure>
  </testcase> <!-- getmonthlyss -->
  <testcase classname="smoke_suite.ALC_4957" name="createtransaction" time="12.021"/>
  <testcase classname="smoke_suite.ALC_4957" name="getmonthlyss2" time="198.335">
    <failure type="org.openqa.selenium.NoSuchElementException" message="no such element: Unable to locate element: {&amp;quot;method&amp;quot;:&amp;quot;xpath&amp;quot;,&amp;quot;selector&amp;quot;:&amp;quot;//div[contains(@class,&amp;apos;percentage&amp;apos;)]/parent::div/following-sibling::div[7]/div&amp;quot;}
  (Session info: chrome=125.0.6422.61)
For documentation on this error, please visit: https://www.selenium.dev/documentation/webdriver/troubleshooting/errors#no-such-element-exception
Build info: version: &amp;apos;4.13.0&amp;apos;, revision: &amp;apos;ba948ece5b*&amp;apos;
System info: os.name: &amp;apos;Windows 11&amp;apos;, os.arch: &amp;apos;amd64&amp;apos;, os.version: &amp;apos;10.0&amp;apos;, java.version: &amp;apos;17.0.6&amp;apos;
Driver info: org.openqa.selenium.remote.RemoteWebDriver
Command: [f94878e15444cd6164e7ae94ab0ab50e, findElement {using=xpath, value=//div[contains(@class,&amp;apos;percentage&amp;apos;)]/parent::div/following-sibling::div[7]/div}]
Capabilities {acceptInsecureCerts: false, browserName: chrome, browserVersion: 125.0.6422.61, chrome: {chromedriverVersion: 125.0.6422.76 (67dcf7562b8f..., userDataDir: C:\Program Files\scoped_dir...}, fedcm:accounts: true, goog:chromeOptions: {debuggerAddress: localhost:9225}, networkConnectionEnabled: false, pageLoadStrategy: normal, platformName: windows, proxy: Proxy(), setWindowRect: true, strictFileInteractability: false, timeouts: {implicit: 0, pageLoad: 300000, script: 30000}, unhandledPromptBehavior: dismiss and notify, webauthn:extension:credBlob: true, webauthn:extension:largeBlob: true, webauthn:extension:minPinLength: true, webauthn:extension:prf: true, webauthn:virtualAuthenticators: true}
Session ID: f94878e15444cd6164e7ae94ab0ab50e">
      <![CDATA[org.openqa.selenium.NoSuchElementException: no such element: Unable to locate element: {"method":"xpath","selector":"//div[contains(@class,'percentage')]/parent::div/following-sibling::div[7]/div"}
  (Session info: chrome=125.0.6422.61)
For documentation on this error, please visit: https://www.selenium.dev/documentation/webdriver/troubleshooting/errors#no-such-element-exception
Build info: version: '4.13.0', revision: 'ba948ece5b*'
System info: os.name: 'Windows 11', os.arch: 'amd64', os.version: '10.0', java.version: '17.0.6'
Driver info: org.openqa.selenium.remote.RemoteWebDriver
Command: [f94878e15444cd6164e7ae94ab0ab50e, findElement {using=xpath, value=//div[contains(@class,'percentage')]/parent::div/following-sibling::div[7]/div}]
Capabilities {acceptInsecureCerts: false, browserName: chrome, browserVersion: 125.0.6422.61, chrome: {chromedriverVersion: 125.0.6422.76 (67dcf7562b8f..., userDataDir: C:\Program Files\scoped_dir...}, fedcm:accounts: true, goog:chromeOptions: {debuggerAddress: localhost:9225}, networkConnectionEnabled: false, pageLoadStrategy: normal, platformName: windows, proxy: Proxy(), setWindowRect: true, strictFileInteractability: false, timeouts: {implicit: 0, pageLoad: 300000, script: 30000}, unhandledPromptBehavior: dismiss and notify, webauthn:extension:credBlob: true, webauthn:extension:largeBlob: true, webauthn:extension:minPinLength: true, webauthn:extension:prf: true, webauthn:virtualAuthenticators: true}
Session ID: f94878e15444cd6164e7ae94ab0ab50e
at org.openqa.selenium.remote.codec.w3c.W3CHttpResponseCodec.createException(W3CHttpResponseCodec.java:200)
at org.openqa.selenium.remote.codec.w3c.W3CHttpResponseCodec.decode(W3CHttpResponseCodec.java:133)
at org.openqa.selenium.remote.codec.w3c.W3CHttpResponseCodec.decode(W3CHttpResponseCodec.java:52)
at org.openqa.selenium.remote.HttpCommandExecutor.execute(HttpCommandExecutor.java:191)
at org.openqa.selenium.remote.TracedCommandExecutor.execute(TracedCommandExecutor.java:51)
at org.openqa.selenium.remote.RemoteWebDriver.execute(RemoteWebDriver.java:602)
at org.openqa.selenium.remote.ElementLocation$ElementFinder$2.findElement(ElementLocation.java:165)
at org.openqa.selenium.remote.ElementLocation.findElement(ElementLocation.java:59)
at org.openqa.selenium.remote.RemoteWebDriver.findElement(RemoteWebDriver.java:359)
at org.openqa.selenium.remote.RemoteWebDriver.findElement(RemoteWebDriver.java:353)
at org.openqa.selenium.support.pagefactory.DefaultElementLocator.findElement(DefaultElementLocator.java:68)
at org.openqa.selenium.support.pagefactory.internal.LocatingElementHandler.invoke(LocatingElementHandler.java:38)
at jdk.proxy2/jdk.proxy2.$Proxy26.getText(Unknown Source)
at alchemy_Pages.Dashboard.getmssaftertransaction(Dashboard.java:126)
at smoke_suite.ALC_4957.getmonthlyss2(ALC_4957.java:38)
at java.base/java.util.ArrayList.forEach(ArrayList.java:1511)
... Removed 31 stack frames]]>
    </failure>
  </testcase> <!-- getmonthlyss2 -->
  <testcase classname="smoke_suite.ALC_4995" name="createstore" time="6.516"/>
  <testcase classname="smoke_suite.ALC_4995" name="sendtokenstobranch" time="23.766"/>
  <testcase classname="smoke_suite.ALC_4995" name="verifytokensinapp" time="58.679"/>
  <testcase classname="smoke_suite.ALC_4995" name="reclaimtokens" time="2.397"/>
  <testcase classname="smoke_suite.ALC_4995" name="verifytokensnotinapp" time="67.875"/>
  <testcase classname="Utilities.BaseClass" name="@BeforeSuite generateBenefitName" time="0.0">
    <ignored/>
  </testcase> <!-- @BeforeSuite generateBenefitName -->
  <testcase classname="Utilities.BaseClass" name="@BeforeSuite generateBonusName" time="0.0">
    <ignored/>
  </testcase> <!-- @BeforeSuite generateBonusName -->
  <testcase classname="Utilities.BaseClass" name="@BeforeSuite generateAndroidBenefitname" time="0.0">
    <ignored/>
  </testcase> <!-- @BeforeSuite generateAndroidBenefitname -->
  <testcase classname="Utilities.BaseClass" name="@BeforeSuite generateBranchName" time="0.0">
    <ignored/>
  </testcase> <!-- @BeforeSuite generateBranchName -->
  <testcase classname="Utilities.BaseClass" name="@BeforeSuite generateBranchName" time="0.0">
    <ignored/>
  </testcase> <!-- @BeforeSuite generateBranchName -->
  <testcase classname="Utilities.BaseClass" name="@BeforeSuite generateAndroidBenefitname" time="0.0">
    <ignored/>
  </testcase> <!-- @BeforeSuite generateAndroidBenefitname -->
  <testcase classname="Utilities.BaseClass" name="@BeforeSuite generateRandomBranchMemberNumber" time="0.0">
    <ignored/>
  </testcase> <!-- @BeforeSuite generateRandomBranchMemberNumber -->
  <testcase classname="Utilities.BaseClass" name="@BeforeSuite generateBranchMemberName" time="0.0">
    <ignored/>
  </testcase> <!-- @BeforeSuite generateBranchMemberName -->
  <testcase classname="Utilities.BaseClass" name="@BeforeSuite generateBenefitOrderName" time="0.0">
    <ignored/>
  </testcase> <!-- @BeforeSuite generateBenefitOrderName -->
  <testcase classname="Utilities.BaseClass" name="@BeforeSuite generateBonusName" time="0.0">
    <ignored/>
  </testcase> <!-- @BeforeSuite generateBonusName -->
  <testcase classname="Utilities.BaseClass" name="@BeforeSuite generateBonusName" time="0.0">
    <ignored/>
  </testcase> <!-- @BeforeSuite generateBonusName -->
  <testcase classname="Utilities.BaseClass" name="@BeforeSuite generateBonusName" time="0.0">
    <ignored/>
  </testcase> <!-- @BeforeSuite generateBonusName -->
  <testcase classname="Utilities.BaseClass" name="@BeforeSuite generateBenefitOrderName" time="0.0">
    <ignored/>
  </testcase> <!-- @BeforeSuite generateBenefitOrderName -->
  <testcase classname="Utilities.BaseClass" name="@BeforeSuite generateBranchName" time="0.0">
    <ignored/>
  </testcase> <!-- @BeforeSuite generateBranchName -->
  <testcase classname="Utilities.BaseClass" name="@BeforeSuite generateBenefitOrderName" time="0.0">
    <ignored/>
  </testcase> <!-- @BeforeSuite generateBenefitOrderName -->
  <testcase classname="Utilities.BaseClass" name="@BeforeSuite generateBranchName" time="0.0">
    <ignored/>
  </testcase> <!-- @BeforeSuite generateBranchName -->
  <testcase classname="Utilities.BaseClass" name="@BeforeSuite generateBranchName" time="0.0">
    <ignored/>
  </testcase> <!-- @BeforeSuite generateBranchName -->
  <testcase classname="Utilities.BaseClass" name="@BeforeSuite generateBenefitName" time="0.0">
    <ignored/>
  </testcase> <!-- @BeforeSuite generateBenefitName -->
  <testcase classname="Utilities.BaseClass" name="@BeforeSuite generateRandomBranchMemberNumber" time="0.0">
    <ignored/>
  </testcase> <!-- @BeforeSuite generateRandomBranchMemberNumber -->
  <testcase classname="Utilities.BaseClass" name="@BeforeSuite generateBranchMemberName" time="0.0">
    <ignored/>
  </testcase> <!-- @BeforeSuite generateBranchMemberName -->
  <testcase classname="Utilities.BaseClass" name="@BeforeSuite generateRandomLastName" time="0.0">
    <ignored/>
  </testcase> <!-- @BeforeSuite generateRandomLastName -->
  <testcase classname="Utilities.BaseClass" name="@BeforeSuite generateRandomNumber" time="0.0">
    <ignored/>
  </testcase> <!-- @BeforeSuite generateRandomNumber -->
  <testcase classname="Utilities.BaseClass" name="@BeforeSuite generateBranchMemberName" time="0.0">
    <ignored/>
  </testcase> <!-- @BeforeSuite generateBranchMemberName -->
  <testcase classname="Utilities.BaseClass" name="@BeforeSuite generateRandomNumber" time="0.0">
    <ignored/>
  </testcase> <!-- @BeforeSuite generateRandomNumber -->
  <testcase classname="Utilities.BaseClass" name="@BeforeSuite generateBonusName" time="0.0">
    <ignored/>
  </testcase> <!-- @BeforeSuite generateBonusName -->
  <testcase classname="Utilities.BaseClass" name="@BeforeSuite generateBranchName" time="0.0">
    <ignored/>
  </testcase> <!-- @BeforeSuite generateBranchName -->
  <testcase classname="Utilities.BaseClass" name="@BeforeSuite generateRandomBranchMemberNumber" time="0.0">
    <ignored/>
  </testcase> <!-- @BeforeSuite generateRandomBranchMemberNumber -->
  <testcase classname="Utilities.BaseClass" name="@BeforeSuite generateBenefitName" time="0.0">
    <ignored/>
  </testcase> <!-- @BeforeSuite generateBenefitName -->
  <testcase classname="Utilities.BaseClass" name="@BeforeSuite generateRandomNumber" time="0.0">
    <ignored/>
  </testcase> <!-- @BeforeSuite generateRandomNumber -->
  <testcase classname="Utilities.BaseClass" name="@BeforeSuite generateBenefitOrderName" time="0.0">
    <ignored/>
  </testcase> <!-- @BeforeSuite generateBenefitOrderName -->
  <testcase classname="Utilities.BaseClass" name="@BeforeSuite generateBranchName" time="0.0">
    <ignored/>
  </testcase> <!-- @BeforeSuite generateBranchName -->
  <testcase classname="Utilities.BaseClass" name="@BeforeSuite generateBonusName" time="0.0">
    <ignored/>
  </testcase> <!-- @BeforeSuite generateBonusName -->
  <testcase classname="Utilities.BaseClass" name="@BeforeSuite generateBenefitName" time="0.0">
    <ignored/>
  </testcase> <!-- @BeforeSuite generateBenefitName -->
  <testcase classname="Utilities.BaseClass" name="@BeforeSuite generateBranchName" time="0.0">
    <ignored/>
  </testcase> <!-- @BeforeSuite generateBranchName -->
  <testcase classname="Utilities.BaseClass" name="@BeforeSuite generateBenefitOrderName" time="0.0">
    <ignored/>
  </testcase> <!-- @BeforeSuite generateBenefitOrderName -->
  <testcase classname="Utilities.BaseClass" name="@BeforeSuite generateRandomNumber" time="0.0">
    <ignored/>
  </testcase> <!-- @BeforeSuite generateRandomNumber -->
  <testcase classname="Utilities.BaseClass" name="@BeforeSuite generateAndroidBenefitname" time="0.0">
    <ignored/>
  </testcase> <!-- @BeforeSuite generateAndroidBenefitname -->
  <testcase classname="Utilities.BaseClass" name="@BeforeSuite generateBranchMemberName" time="0.0">
    <ignored/>
  </testcase> <!-- @BeforeSuite generateBranchMemberName -->
  <testcase classname="Utilities.BaseClass" name="@BeforeSuite generateRandomBranchMemberNumber" time="0.0">
    <ignored/>
  </testcase> <!-- @BeforeSuite generateRandomBranchMemberNumber -->
  <testcase classname="Utilities.BaseClass" name="@BeforeSuite generateBonusName" time="0.0">
    <ignored/>
  </testcase> <!-- @BeforeSuite generateBonusName -->
  <testcase classname="Utilities.BaseClass" name="@BeforeSuite generateBranchMemberName" time="0.0">
    <ignored/>
  </testcase> <!-- @BeforeSuite generateBranchMemberName -->
  <testcase classname="Utilities.BaseClass" name="@BeforeSuite generateRandomBranchMemberNumber" time="0.0">
    <ignored/>
  </testcase> <!-- @BeforeSuite generateRandomBranchMemberNumber -->
  <testcase classname="Utilities.BaseClass" name="@BeforeSuite generateBonusName" time="0.0">
    <ignored/>
  </testcase> <!-- @BeforeSuite generateBonusName -->
  <testcase classname="Utilities.BaseClass" name="@BeforeSuite generateBranchMemberName" time="0.0">
    <ignored/>
  </testcase> <!-- @BeforeSuite generateBranchMemberName -->
  <testcase classname="Utilities.BaseClass" name="@BeforeSuite generateRandomNumber" time="0.0">
    <ignored/>
  </testcase> <!-- @BeforeSuite generateRandomNumber -->
  <testcase classname="Utilities.BaseClass" name="@BeforeSuite generateRandomLastName" time="0.0">
    <ignored/>
  </testcase> <!-- @BeforeSuite generateRandomLastName -->
  <testcase classname="Utilities.BaseClass" name="@BeforeSuite generateBenefitName" time="0.0">
    <ignored/>
  </testcase> <!-- @BeforeSuite generateBenefitName -->
  <testcase classname="Utilities.BaseClass" name="@BeforeSuite generateBonusName" time="0.0">
    <ignored/>
  </testcase> <!-- @BeforeSuite generateBonusName -->
  <testcase classname="Utilities.BaseClass" name="@BeforeSuite generateRandomBranchMemberNumber" time="0.0">
    <ignored/>
  </testcase> <!-- @BeforeSuite generateRandomBranchMemberNumber -->
  <testcase classname="Utilities.BaseClass" name="@BeforeSuite generateBenefitName" time="0.0">
    <ignored/>
  </testcase> <!-- @BeforeSuite generateBenefitName -->
  <testcase classname="Utilities.BaseClass" name="@BeforeSuite generateRandomBranchMemberNumber" time="0.0">
    <ignored/>
  </testcase> <!-- @BeforeSuite generateRandomBranchMemberNumber -->
  <testcase classname="Utilities.BaseClass" name="@BeforeSuite generateBranchMemberName" time="0.0">
    <ignored/>
  </testcase> <!-- @BeforeSuite generateBranchMemberName -->
  <testcase classname="Utilities.BaseClass" name="@BeforeSuite generateRandomNumber" time="0.0">
    <ignored/>
  </testcase> <!-- @BeforeSuite generateRandomNumber -->
  <testcase classname="Utilities.BaseClass" name="@BeforeSuite generateRandomLastName" time="0.0">
    <ignored/>
  </testcase> <!-- @BeforeSuite generateRandomLastName -->
  <testcase classname="Utilities.BaseClass" name="@BeforeSuite generateRandomBranchMemberNumber" time="0.0">
    <ignored/>
  </testcase> <!-- @BeforeSuite generateRandomBranchMemberNumber -->
  <testcase classname="Utilities.BaseClass" name="@BeforeSuite generateBranchMemberName" time="0.0">
    <ignored/>
  </testcase> <!-- @BeforeSuite generateBranchMemberName -->
  <testcase classname="Utilities.BaseClass" name="@BeforeSuite generateAndroidBenefitname" time="0.0">
    <ignored/>
  </testcase> <!-- @BeforeSuite generateAndroidBenefitname -->
  <testcase classname="Utilities.BaseClass" name="@BeforeSuite generateBenefitName" time="0.0">
    <ignored/>
  </testcase> <!-- @BeforeSuite generateBenefitName -->
  <testcase classname="Utilities.BaseClass" name="@BeforeSuite generateBranchName" time="0.0">
    <ignored/>
  </testcase> <!-- @BeforeSuite generateBranchName -->
  <testcase classname="Utilities.BaseClass" name="@BeforeSuite generateRandomBranchMemberNumber" time="0.0">
    <ignored/>
  </testcase> <!-- @BeforeSuite generateRandomBranchMemberNumber -->
  <testcase classname="Utilities.BaseClass" name="@BeforeSuite generateBonusName" time="0.0">
    <ignored/>
  </testcase> <!-- @BeforeSuite generateBonusName -->
  <testcase classname="Utilities.BaseClass" name="@BeforeSuite generateBranchMemberName" time="0.0">
    <ignored/>
  </testcase> <!-- @BeforeSuite generateBranchMemberName -->
  <testcase classname="Utilities.BaseClass" name="@BeforeSuite generateBenefitOrderName" time="0.0">
    <ignored/>
  </testcase> <!-- @BeforeSuite generateBenefitOrderName -->
  <testcase classname="Utilities.BaseClass" name="@BeforeSuite generateBonusName" time="0.0">
    <ignored/>
  </testcase> <!-- @BeforeSuite generateBonusName -->
  <testcase classname="Utilities.BaseClass" name="@BeforeSuite generateRandomLastName" time="0.0">
    <ignored/>
  </testcase> <!-- @BeforeSuite generateRandomLastName -->
  <testcase classname="Utilities.BaseClass" name="@BeforeSuite generateRandomLastName" time="0.0">
    <ignored/>
  </testcase> <!-- @BeforeSuite generateRandomLastName -->
  <testcase classname="Utilities.BaseClass" name="@BeforeSuite generateBenefitName" time="0.0">
    <ignored/>
  </testcase> <!-- @BeforeSuite generateBenefitName -->
  <testcase classname="Utilities.BaseClass" name="@BeforeSuite generateRandomNumber" time="0.0">
    <ignored/>
  </testcase> <!-- @BeforeSuite generateRandomNumber -->
  <testcase classname="Utilities.BaseClass" name="@BeforeSuite generateRandomLastName" time="0.0">
    <ignored/>
  </testcase> <!-- @BeforeSuite generateRandomLastName -->
  <testcase classname="Utilities.BaseClass" name="@BeforeSuite generateRandomLastName" time="0.0">
    <ignored/>
  </testcase> <!-- @BeforeSuite generateRandomLastName -->
  <testcase classname="Utilities.BaseClass" name="@BeforeSuite generateRandomNumber" time="0.0">
    <ignored/>
  </testcase> <!-- @BeforeSuite generateRandomNumber -->
  <testcase classname="Utilities.BaseClass" name="@BeforeSuite generateRandomNumber" time="0.0">
    <ignored/>
  </testcase> <!-- @BeforeSuite generateRandomNumber -->
  <testcase classname="Utilities.BaseClass" name="@BeforeSuite generateRandomNumber" time="0.0">
    <ignored/>
  </testcase> <!-- @BeforeSuite generateRandomNumber -->
  <testcase classname="Utilities.BaseClass" name="@BeforeSuite generateRandomNumber" time="0.0">
    <ignored/>
  </testcase> <!-- @BeforeSuite generateRandomNumber -->
  <testcase classname="Utilities.BaseClass" name="@BeforeSuite generateBenefitName" time="0.0">
    <ignored/>
  </testcase> <!-- @BeforeSuite generateBenefitName -->
  <testcase classname="Utilities.BaseClass" name="@BeforeSuite generateBonusName" time="0.0">
    <ignored/>
  </testcase> <!-- @BeforeSuite generateBonusName -->
  <testcase classname="Utilities.BaseClass" name="@BeforeSuite generateBenefitOrderName" time="0.0">
    <ignored/>
  </testcase> <!-- @BeforeSuite generateBenefitOrderName -->
  <testcase classname="Utilities.BaseClass" name="@BeforeSuite generateBenefitOrderName" time="0.0">
    <ignored/>
  </testcase> <!-- @BeforeSuite generateBenefitOrderName -->
  <testcase classname="Utilities.BaseClass" name="@BeforeSuite generateRandomLastName" time="0.0">
    <ignored/>
  </testcase> <!-- @BeforeSuite generateRandomLastName -->
  <testcase classname="Utilities.BaseClass" name="@BeforeSuite generateBenefitOrderName" time="0.0">
    <ignored/>
  </testcase> <!-- @BeforeSuite generateBenefitOrderName -->
  <testcase classname="Utilities.BaseClass" name="@BeforeSuite generateRandomBranchMemberNumber" time="0.0">
    <ignored/>
  </testcase> <!-- @BeforeSuite generateRandomBranchMemberNumber -->
  <testcase classname="Utilities.BaseClass" name="@BeforeSuite generateBranchMemberName" time="0.0">
    <ignored/>
  </testcase> <!-- @BeforeSuite generateBranchMemberName -->
  <testcase classname="Utilities.BaseClass" name="@BeforeSuite generateBenefitName" time="0.0">
    <ignored/>
  </testcase> <!-- @BeforeSuite generateBenefitName -->
  <testcase classname="Utilities.BaseClass" name="@BeforeSuite generateBranchMemberName" time="0.0">
    <ignored/>
  </testcase> <!-- @BeforeSuite generateBranchMemberName -->
  <testcase classname="Utilities.BaseClass" name="@BeforeSuite generateAndroidBenefitname" time="0.0">
    <ignored/>
  </testcase> <!-- @BeforeSuite generateAndroidBenefitname -->
  <testcase classname="Utilities.BaseClass" name="@BeforeSuite generateRandomBranchMemberNumber" time="0.0">
    <ignored/>
  </testcase> <!-- @BeforeSuite generateRandomBranchMemberNumber -->
  <testcase classname="Utilities.BaseClass" name="@BeforeSuite generateAndroidBenefitname" time="0.0">
    <ignored/>
  </testcase> <!-- @BeforeSuite generateAndroidBenefitname -->
  <testcase classname="Utilities.BaseClass" name="@BeforeSuite generateRandomLastName" time="0.0">
    <ignored/>
  </testcase> <!-- @BeforeSuite generateRandomLastName -->
  <testcase classname="Utilities.BaseClass" name="@BeforeSuite generateBenefitOrderName" time="0.0">
    <ignored/>
  </testcase> <!-- @BeforeSuite generateBenefitOrderName -->
  <testcase classname="Utilities.BaseClass" name="@BeforeSuite generateAndroidBenefitname" time="0.0">
    <ignored/>
  </testcase> <!-- @BeforeSuite generateAndroidBenefitname -->
  <testcase classname="Utilities.BaseClass" name="@BeforeSuite generateBenefitName" time="0.0">
    <ignored/>
  </testcase> <!-- @BeforeSuite generateBenefitName -->
  <testcase classname="Utilities.BaseClass" name="@BeforeSuite generateRandomLastName" time="0.0">
    <ignored/>
  </testcase> <!-- @BeforeSuite generateRandomLastName -->
  <testcase classname="Utilities.BaseClass" name="@BeforeSuite generateRandomLastName" time="0.0">
    <ignored/>
  </testcase> <!-- @BeforeSuite generateRandomLastName -->
  <testcase classname="Utilities.BaseClass" name="@BeforeSuite generateBenefitName" time="0.0">
    <ignored/>
  </testcase> <!-- @BeforeSuite generateBenefitName -->
  <testcase classname="Utilities.BaseClass" name="@BeforeSuite generateBenefitName" time="0.0">
    <ignored/>
  </testcase> <!-- @BeforeSuite generateBenefitName -->
  <testcase classname="Utilities.BaseClass" name="@BeforeSuite generateBonusName" time="0.0">
    <ignored/>
  </testcase> <!-- @BeforeSuite generateBonusName -->
  <testcase classname="Utilities.BaseClass" name="@BeforeSuite generateBenefitOrderName" time="0.0">
    <ignored/>
  </testcase> <!-- @BeforeSuite generateBenefitOrderName -->
  <testcase classname="Utilities.BaseClass" name="@BeforeSuite generateRandomBranchMemberNumber" time="0.0">
    <ignored/>
  </testcase> <!-- @BeforeSuite generateRandomBranchMemberNumber -->
  <testcase classname="Utilities.BaseClass" name="@BeforeSuite generateBranchMemberName" time="0.0">
    <ignored/>
  </testcase> <!-- @BeforeSuite generateBranchMemberName -->
  <testcase classname="Utilities.BaseClass" name="@BeforeSuite generateAndroidBenefitname" time="0.0">
    <ignored/>
  </testcase> <!-- @BeforeSuite generateAndroidBenefitname -->
  <testcase classname="Utilities.BaseClass" name="@BeforeSuite generateRandomNumber" time="0.0">
    <ignored/>
  </testcase> <!-- @BeforeSuite generateRandomNumber -->
  <testcase classname="Utilities.BaseClass" name="@BeforeSuite generateAndroidBenefitname" time="0.0">
    <ignored/>
  </testcase> <!-- @BeforeSuite generateAndroidBenefitname -->
  <testcase classname="Utilities.BaseClass" name="@BeforeSuite generateRandomLastName" time="0.0">
    <ignored/>
  </testcase> <!-- @BeforeSuite generateRandomLastName -->
  <testcase classname="Utilities.BaseClass" name="@BeforeSuite generateAndroidBenefitname" time="0.0">
    <ignored/>
  </testcase> <!-- @BeforeSuite generateAndroidBenefitname -->
  <testcase classname="Utilities.BaseClass" name="@BeforeSuite generateBranchName" time="0.0">
    <ignored/>
  </testcase> <!-- @BeforeSuite generateBranchName -->
  <testcase classname="Utilities.BaseClass" name="@BeforeSuite generateBranchName" time="0.0">
    <ignored/>
  </testcase> <!-- @BeforeSuite generateBranchName -->
  <testcase classname="Utilities.BaseClass" name="@BeforeSuite generateRandomLastName" time="0.0">
    <ignored/>
  </testcase> <!-- @BeforeSuite generateRandomLastName -->
  <testcase classname="Utilities.BaseClass" name="@BeforeSuite generateBranchName" time="0.0">
    <ignored/>
  </testcase> <!-- @BeforeSuite generateBranchName -->
  <testcase classname="Utilities.BaseClass" name="@BeforeSuite generateBonusName" time="0.0">
    <ignored/>
  </testcase> <!-- @BeforeSuite generateBonusName -->
  <testcase classname="Utilities.BaseClass" name="@BeforeSuite generateRandomLastName" time="0.0">
    <ignored/>
  </testcase> <!-- @BeforeSuite generateRandomLastName -->
  <testcase classname="Utilities.BaseClass" name="@BeforeSuite generateBenefitName" time="0.0">
    <ignored/>
  </testcase> <!-- @BeforeSuite generateBenefitName -->
  <testcase classname="Utilities.BaseClass" name="@BeforeSuite generateAndroidBenefitname" time="0.0">
    <ignored/>
  </testcase> <!-- @BeforeSuite generateAndroidBenefitname -->
  <testcase classname="Utilities.BaseClass" name="@BeforeSuite generateBranchName" time="0.0">
    <ignored/>
  </testcase> <!-- @BeforeSuite generateBranchName -->
  <testcase classname="Utilities.BaseClass" name="@BeforeSuite generateRandomNumber" time="0.0">
    <ignored/>
  </testcase> <!-- @BeforeSuite generateRandomNumber -->
  <testcase classname="Utilities.BaseClass" name="@BeforeSuite generateBranchName" time="0.0">
    <ignored/>
  </testcase> <!-- @BeforeSuite generateBranchName -->
  <testcase classname="Utilities.BaseClass" name="@BeforeSuite generateBenefitOrderName" time="0.0">
    <ignored/>
  </testcase> <!-- @BeforeSuite generateBenefitOrderName -->
  <testcase classname="Utilities.BaseClass" name="@BeforeSuite generateBenefitOrderName" time="0.0">
    <ignored/>
  </testcase> <!-- @BeforeSuite generateBenefitOrderName -->
  <testcase classname="Utilities.BaseClass" name="@BeforeSuite generateRandomNumber" time="0.0">
    <ignored/>
  </testcase> <!-- @BeforeSuite generateRandomNumber -->
  <testcase classname="Utilities.BaseClass" name="@BeforeSuite generateRandomBranchMemberNumber" time="0.0">
    <ignored/>
  </testcase> <!-- @BeforeSuite generateRandomBranchMemberNumber -->
  <testcase classname="Utilities.BaseClass" name="@BeforeSuite generateBranchMemberName" time="0.0">
    <ignored/>
  </testcase> <!-- @BeforeSuite generateBranchMemberName -->
  <testcase classname="Utilities.BaseClass" name="@BeforeSuite generateBranchMemberName" time="0.0">
    <ignored/>
  </testcase> <!-- @BeforeSuite generateBranchMemberName -->
  <testcase classname="Utilities.BaseClass" name="@BeforeSuite generateRandomBranchMemberNumber" time="0.0">
    <ignored/>
  </testcase> <!-- @BeforeSuite generateRandomBranchMemberNumber -->
  <testcase classname="Utilities.BaseClass" name="@BeforeSuite generateAndroidBenefitname" time="0.0">
    <ignored/>
  </testcase> <!-- @BeforeSuite generateAndroidBenefitname -->
  <testcase classname="Utilities.BaseClass" name="@BeforeSuite generateAndroidBenefitname" time="0.0">
    <ignored/>
  </testcase> <!-- @BeforeSuite generateAndroidBenefitname -->
  <testcase classname="Utilities.BaseClass" name="@BeforeSuite generateAndroidBenefitname" time="0.0">
    <ignored/>
  </testcase> <!-- @BeforeSuite generateAndroidBenefitname -->
  <testcase classname="Utilities.BaseClass" name="@BeforeSuite generateBenefitOrderName" time="0.0">
    <ignored/>
  </testcase> <!-- @BeforeSuite generateBenefitOrderName -->
</testsuite> <!-- Test -->
