<html>
<head>
<title>TestNG:  Test</title>
<link href="../testng.css" rel="stylesheet" type="text/css" />
<link href="../my-testng.css" rel="stylesheet" type="text/css" />

<style type="text/css">
.log { display: none;} 
.stack-trace { display: none;} 
</style>
<script type="text/javascript">
<!--
function flip(e) {
  current = e.style.display;
  if (current == 'block') {
    e.style.display = 'none';
    return 0;
  }
  else {
    e.style.display = 'block';
    return 1;
  }
}

function toggleBox(szDivId, elem, msg1, msg2)
{
  var res = -1;  if (document.getElementById) {
    res = flip(document.getElementById(szDivId));
  }
  else if (document.all) {
    // this is the way old msie versions work
    res = flip(document.all[szDivId]);
  }
  if(elem) {
    if(res == 0) elem.innerHTML = msg1; else elem.innerHTML = msg2;
  }

}

function toggleAllBoxes() {
  if (document.getElementsByTagName) {
    d = document.getElementsByTagName('div');
    for (i = 0; i < d.length; i++) {
      if (d[i].className == 'log') {
        flip(d[i]);
      }
    }
  }
}

// -->
</script>

</head>
<body>
<h2 align='center'>Test</h2><table border='1' align="center">
<tr>
<td>Tests passed/Failed/Skipped:</td><td>79/8/0</td>
</tr><tr>
<td>Started on:</td><td>Tue Jul 09 12:35:31 IST 2024</td>
</tr>
<tr><td>Total time:</td><td>8816 seconds (8816967 ms)</td>
</tr><tr>
<td>Included groups:</td><td></td>
</tr><tr>
<td>Excluded groups:</td><td></td>
</tr>
</table><p/>
<small><i>(Hover the method name to see the test class name)</i></small><p/>
<table width='100%' border='1' class='invocation-failed'>
<tr><td colspan='4' align='center'><b>FAILED TESTS</b></td></tr>
<tr><td><b>Test method</b></td>
<td><b>Attribute(s)</b></td>
<td width="30%"><b>Exception</b></td>
<td width="10%"><b>Time (seconds)</b></td>
<td><b>Instance</b></td>
</tr>
<tr>
<td title='smoke_suite.ALC_4350.VerifyMemberAlchmey()'><b>VerifyMemberAlchmey</b><br>Test class: smoke_suite.ALC_4350<br>Test method: New member account is searchable in Alchemy under the 'Members' section</td>
<td><div><pre>org.openqa.selenium.NoSuchElementException: no such element: Unable to locate element: {&quot;method&quot;:&quot;xpath&quot;,&quot;selector&quot;:&quot;//div[@class=&apos;container-fluid&apos;]//datatable//table/tbody/tr[1]/td[1]/div/div&quot;}
  (Session info: chrome=125.0.6422.61)
For documentation on this error, please visit: https://www.selenium.dev/documentation/webdriver/troubleshooting/errors#no-such-element-exception
Build info: version: &apos;4.13.0&apos;, revision: &apos;ba948ece5b*&apos;
System info: os.name: &apos;Windows 11&apos;, os.arch: &apos;amd64&apos;, os.version: &apos;10.0&apos;, java.version: &apos;17.0.6&apos;
Driver info: org.openqa.selenium.remote.RemoteWebDriver
Command: [618b7ab3606f0107a11761ef32721ee3, findElement {using=xpath, value=//div[@class=&apos;container-fluid&apos;]//datatable//table/tbody/tr[1]/td[1]/div/div}]
Capabilities {acceptInsecureCerts: false, browserName: chrome, browserVersion: 125.0.6422.61, chrome: {chromedriverVersion: 125.0.6422.76 (67dcf7562b8f..., userDataDir: C:\Program Files\scoped_dir...}, fedcm:accounts: true, goog:chromeOptions: {debuggerAddress: localhost:9225}, networkConnectionEnabled: false, pageLoadStrategy: normal, platformName: windows, proxy: Proxy(), setWindowRect: true, strictFileInteractability: false, timeouts: {implicit: 0, pageLoad: 300000, script: 30000}, unhandledPromptBehavior: dismiss and notify, webauthn:extension:credBlob: true, webauthn:extension:largeBlob: true, webauthn:extension:minPinLength: true, webauthn:extension:prf: true, webauthn:virtualAuthenticators: true}
Session ID: 618b7ab3606f0107a11761ef32721ee3
	at org.openqa.selenium.remote.codec.w3c.W3CHttpResponseCodec.createException(W3CHttpResponseCodec.java:200)
	at org.openqa.selenium.remote.codec.w3c.W3CHttpResponseCodec.decode(W3CHttpResponseCodec.java:133)
	at org.openqa.selenium.remote.codec.w3c.W3CHttpResponseCodec.decode(W3CHttpResponseCodec.java:52)
	at org.openqa.selenium.remote.HttpCommandExecutor.execute(HttpCommandExecutor.java:191)
	at org.openqa.selenium.remote.TracedCommandExecutor.execute(TracedCommandExecutor.java:51)
	at org.openqa.selenium.remote.RemoteWebDriver.execute(RemoteWebDriver.java:602)
	at org.openqa.selenium.remote.ElementLocation$ElementFinder$2.findElement(ElementLocation.java:165)
	at org.openqa.selenium.remote.ElementLocation.findElement(ElementLocation.java:59)
	at org.openqa.selenium.remote.RemoteWebDriver.findElement(RemoteWebDriver.java:359)
	at org.openqa.selenium.remote.RemoteWebDriver.findElement(RemoteWebDriver.java:353)
	at org.openqa.selenium.support.pagefactory.DefaultElementLocator.findElement(DefaultElementLocator.java:68)
	at org.openqa.selenium.support.pagefactory.internal.LocatingElementHandler.invoke(LocatingElementHandler.java:38)
	at jdk.proxy2/jdk.proxy2.$Proxy26.getText(Unknown Source)
	at alchemy_Pages.Members.selectAndverifyMember(Members.java:310)
	at smoke_suite.ALC_4350.VerifyMemberAlchmey(ALC_4350.java:69)
	at java.base/java.util.ArrayList.forEach(ArrayList.java:1511)
... Removed 31 stack frames</pre></div><a href='#' onClick='toggleBox("stack-trace142360989", this, "Click to show all stack frames", "Click to hide stack frames")'>Click to show all stack frames</a>
<div class='stack-trace' id='stack-trace142360989'><pre>org.openqa.selenium.NoSuchElementException: no such element: Unable to locate element: {&quot;method&quot;:&quot;xpath&quot;,&quot;selector&quot;:&quot;//div[@class=&apos;container-fluid&apos;]//datatable//table/tbody/tr[1]/td[1]/div/div&quot;}
  (Session info: chrome=125.0.6422.61)
For documentation on this error, please visit: https://www.selenium.dev/documentation/webdriver/troubleshooting/errors#no-such-element-exception
Build info: version: &apos;4.13.0&apos;, revision: &apos;ba948ece5b*&apos;
System info: os.name: &apos;Windows 11&apos;, os.arch: &apos;amd64&apos;, os.version: &apos;10.0&apos;, java.version: &apos;17.0.6&apos;
Driver info: org.openqa.selenium.remote.RemoteWebDriver
Command: [618b7ab3606f0107a11761ef32721ee3, findElement {using=xpath, value=//div[@class=&apos;container-fluid&apos;]//datatable//table/tbody/tr[1]/td[1]/div/div}]
Capabilities {acceptInsecureCerts: false, browserName: chrome, browserVersion: 125.0.6422.61, chrome: {chromedriverVersion: 125.0.6422.76 (67dcf7562b8f..., userDataDir: C:\Program Files\scoped_dir...}, fedcm:accounts: true, goog:chromeOptions: {debuggerAddress: localhost:9225}, networkConnectionEnabled: false, pageLoadStrategy: normal, platformName: windows, proxy: Proxy(), setWindowRect: true, strictFileInteractability: false, timeouts: {implicit: 0, pageLoad: 300000, script: 30000}, unhandledPromptBehavior: dismiss and notify, webauthn:extension:credBlob: true, webauthn:extension:largeBlob: true, webauthn:extension:minPinLength: true, webauthn:extension:prf: true, webauthn:virtualAuthenticators: true}
Session ID: 618b7ab3606f0107a11761ef32721ee3
	at jdk.internal.reflect.GeneratedConstructorAccessor36.newInstance(Unknown Source)
	at java.base/jdk.internal.reflect.DelegatingConstructorAccessorImpl.newInstance(DelegatingConstructorAccessorImpl.java:45)
	at java.base/java.lang.reflect.Constructor.newInstanceWithCaller(Constructor.java:499)
	at java.base/java.lang.reflect.Constructor.newInstance(Constructor.java:480)
	at org.openqa.selenium.remote.codec.w3c.W3CHttpResponseCodec.createException(W3CHttpResponseCodec.java:200)
	at org.openqa.selenium.remote.codec.w3c.W3CHttpResponseCodec.decode(W3CHttpResponseCodec.java:133)
	at org.openqa.selenium.remote.codec.w3c.W3CHttpResponseCodec.decode(W3CHttpResponseCodec.java:52)
	at org.openqa.selenium.remote.HttpCommandExecutor.execute(HttpCommandExecutor.java:191)
	at org.openqa.selenium.remote.TracedCommandExecutor.execute(TracedCommandExecutor.java:51)
	at org.openqa.selenium.remote.RemoteWebDriver.execute(RemoteWebDriver.java:602)
	at org.openqa.selenium.remote.ElementLocation$ElementFinder$2.findElement(ElementLocation.java:165)
	at org.openqa.selenium.remote.ElementLocation.findElement(ElementLocation.java:59)
	at org.openqa.selenium.remote.RemoteWebDriver.findElement(RemoteWebDriver.java:359)
	at org.openqa.selenium.remote.RemoteWebDriver.findElement(RemoteWebDriver.java:353)
	at org.openqa.selenium.support.pagefactory.DefaultElementLocator.findElement(DefaultElementLocator.java:68)
	at org.openqa.selenium.support.pagefactory.internal.LocatingElementHandler.invoke(LocatingElementHandler.java:38)
	at jdk.proxy2/jdk.proxy2.$Proxy26.getText(Unknown Source)
	at alchemy_Pages.Members.selectAndverifyMember(Members.java:310)
	at smoke_suite.ALC_4350.VerifyMemberAlchmey(ALC_4350.java:69)
	at java.base/jdk.internal.reflect.NativeMethodAccessorImpl.invoke0(Native Method)
	at java.base/jdk.internal.reflect.NativeMethodAccessorImpl.invoke(NativeMethodAccessorImpl.java:77)
	at java.base/jdk.internal.reflect.DelegatingMethodAccessorImpl.invoke(DelegatingMethodAccessorImpl.java:43)
	at java.base/java.lang.reflect.Method.invoke(Method.java:568)
	at org.testng.internal.invokers.MethodInvocationHelper.invokeMethod(MethodInvocationHelper.java:139)
	at org.testng.internal.invokers.TestInvoker.invokeMethod(TestInvoker.java:664)
	at org.testng.internal.invokers.TestInvoker.invokeTestMethod(TestInvoker.java:227)
	at org.testng.internal.invokers.MethodRunner.runInSequence(MethodRunner.java:50)
	at org.testng.internal.invokers.TestInvoker$MethodInvocationAgent.invoke(TestInvoker.java:957)
	at org.testng.internal.invokers.TestInvoker.invokeTestMethods(TestInvoker.java:200)
	at org.testng.internal.invokers.TestMethodWorker.invokeTestMethods(TestMethodWorker.java:148)
	at org.testng.internal.invokers.TestMethodWorker.run(TestMethodWorker.java:128)
	at java.base/java.util.ArrayList.forEach(ArrayList.java:1511)
	at org.testng.TestRunner.privateRun(TestRunner.java:848)
	at org.testng.TestRunner.run(TestRunner.java:621)
	at org.testng.SuiteRunner.runTest(SuiteRunner.java:443)
	at org.testng.SuiteRunner.runSequentially(SuiteRunner.java:437)
	at org.testng.SuiteRunner.privateRun(SuiteRunner.java:397)
	at org.testng.SuiteRunner.run(SuiteRunner.java:336)
	at org.testng.SuiteRunnerWorker.runSuite(SuiteRunnerWorker.java:52)
	at org.testng.SuiteRunnerWorker.run(SuiteRunnerWorker.java:95)
	at org.testng.TestNG.runSuitesSequentially(TestNG.java:1280)
	at org.testng.TestNG.runSuitesLocally(TestNG.java:1200)
	at org.testng.TestNG.runSuites(TestNG.java:1114)
	at org.testng.TestNG.run(TestNG.java:1082)
	at org.testng.remote.AbstractRemoteTestNG.run(AbstractRemoteTestNG.java:115)
	at org.testng.remote.RemoteTestNG.initAndRun(RemoteTestNG.java:251)
	at org.testng.remote.RemoteTestNG.main(RemoteTestNG.java:77)
</pre></div></td>
<td>85</td>
<td>smoke_suite.ALC_4350@1ef6d34c</td></tr>
<tr>
<td title='smoke_suite.ALC_4957.getmonthlyss()'><b>getmonthlyss</b><br>Test class: smoke_suite.ALC_4957<br>Test method: Get monthly snapshot before member to branch transaction.</td>
<td><div><pre>org.openqa.selenium.NoSuchElementException: no such element: Unable to locate element: {&quot;method&quot;:&quot;xpath&quot;,&quot;selector&quot;:&quot;//div[contains(@class,&apos;percentage&apos;)]/parent::div/following-sibling::div[7]/div&quot;}
  (Session info: chrome=125.0.6422.61)
For documentation on this error, please visit: https://www.selenium.dev/documentation/webdriver/troubleshooting/errors#no-such-element-exception
Build info: version: &apos;4.13.0&apos;, revision: &apos;ba948ece5b*&apos;
System info: os.name: &apos;Windows 11&apos;, os.arch: &apos;amd64&apos;, os.version: &apos;10.0&apos;, java.version: &apos;17.0.6&apos;
Driver info: org.openqa.selenium.remote.RemoteWebDriver
Command: [f94878e15444cd6164e7ae94ab0ab50e, findElement {using=xpath, value=//div[contains(@class,&apos;percentage&apos;)]/parent::div/following-sibling::div[7]/div}]
Capabilities {acceptInsecureCerts: false, browserName: chrome, browserVersion: 125.0.6422.61, chrome: {chromedriverVersion: 125.0.6422.76 (67dcf7562b8f..., userDataDir: C:\Program Files\scoped_dir...}, fedcm:accounts: true, goog:chromeOptions: {debuggerAddress: localhost:9225}, networkConnectionEnabled: false, pageLoadStrategy: normal, platformName: windows, proxy: Proxy(), setWindowRect: true, strictFileInteractability: false, timeouts: {implicit: 0, pageLoad: 300000, script: 30000}, unhandledPromptBehavior: dismiss and notify, webauthn:extension:credBlob: true, webauthn:extension:largeBlob: true, webauthn:extension:minPinLength: true, webauthn:extension:prf: true, webauthn:virtualAuthenticators: true}
Session ID: f94878e15444cd6164e7ae94ab0ab50e
	at org.openqa.selenium.remote.codec.w3c.W3CHttpResponseCodec.createException(W3CHttpResponseCodec.java:200)
	at org.openqa.selenium.remote.codec.w3c.W3CHttpResponseCodec.decode(W3CHttpResponseCodec.java:133)
	at org.openqa.selenium.remote.codec.w3c.W3CHttpResponseCodec.decode(W3CHttpResponseCodec.java:52)
	at org.openqa.selenium.remote.HttpCommandExecutor.execute(HttpCommandExecutor.java:191)
	at org.openqa.selenium.remote.TracedCommandExecutor.execute(TracedCommandExecutor.java:51)
	at org.openqa.selenium.remote.RemoteWebDriver.execute(RemoteWebDriver.java:602)
	at org.openqa.selenium.remote.ElementLocation$ElementFinder$2.findElement(ElementLocation.java:165)
	at org.openqa.selenium.remote.ElementLocation.findElement(ElementLocation.java:59)
	at org.openqa.selenium.remote.RemoteWebDriver.findElement(RemoteWebDriver.java:359)
	at org.openqa.selenium.remote.RemoteWebDriver.findElement(RemoteWebDriver.java:353)
	at org.openqa.selenium.support.pagefactory.DefaultElementLocator.findElement(DefaultElementLocator.java:68)
	at org.openqa.selenium.support.pagefactory.internal.LocatingElementHandler.invoke(LocatingElementHandler.java:38)
	at jdk.proxy2/jdk.proxy2.$Proxy26.getText(Unknown Source)
	at alchemy_Pages.Dashboard.getmssbeforetransaction(Dashboard.java:163)
	at smoke_suite.ALC_4957.getmonthlyss(ALC_4957.java:23)
	at java.base/java.util.ArrayList.forEach(ArrayList.java:1511)
... Removed 31 stack frames</pre></div><a href='#' onClick='toggleBox("stack-trace2136674872", this, "Click to show all stack frames", "Click to hide stack frames")'>Click to show all stack frames</a>
<div class='stack-trace' id='stack-trace2136674872'><pre>org.openqa.selenium.NoSuchElementException: no such element: Unable to locate element: {&quot;method&quot;:&quot;xpath&quot;,&quot;selector&quot;:&quot;//div[contains(@class,&apos;percentage&apos;)]/parent::div/following-sibling::div[7]/div&quot;}
  (Session info: chrome=125.0.6422.61)
For documentation on this error, please visit: https://www.selenium.dev/documentation/webdriver/troubleshooting/errors#no-such-element-exception
Build info: version: &apos;4.13.0&apos;, revision: &apos;ba948ece5b*&apos;
System info: os.name: &apos;Windows 11&apos;, os.arch: &apos;amd64&apos;, os.version: &apos;10.0&apos;, java.version: &apos;17.0.6&apos;
Driver info: org.openqa.selenium.remote.RemoteWebDriver
Command: [f94878e15444cd6164e7ae94ab0ab50e, findElement {using=xpath, value=//div[contains(@class,&apos;percentage&apos;)]/parent::div/following-sibling::div[7]/div}]
Capabilities {acceptInsecureCerts: false, browserName: chrome, browserVersion: 125.0.6422.61, chrome: {chromedriverVersion: 125.0.6422.76 (67dcf7562b8f..., userDataDir: C:\Program Files\scoped_dir...}, fedcm:accounts: true, goog:chromeOptions: {debuggerAddress: localhost:9225}, networkConnectionEnabled: false, pageLoadStrategy: normal, platformName: windows, proxy: Proxy(), setWindowRect: true, strictFileInteractability: false, timeouts: {implicit: 0, pageLoad: 300000, script: 30000}, unhandledPromptBehavior: dismiss and notify, webauthn:extension:credBlob: true, webauthn:extension:largeBlob: true, webauthn:extension:minPinLength: true, webauthn:extension:prf: true, webauthn:virtualAuthenticators: true}
Session ID: f94878e15444cd6164e7ae94ab0ab50e
	at jdk.internal.reflect.GeneratedConstructorAccessor36.newInstance(Unknown Source)
	at java.base/jdk.internal.reflect.DelegatingConstructorAccessorImpl.newInstance(DelegatingConstructorAccessorImpl.java:45)
	at java.base/java.lang.reflect.Constructor.newInstanceWithCaller(Constructor.java:499)
	at java.base/java.lang.reflect.Constructor.newInstance(Constructor.java:480)
	at org.openqa.selenium.remote.codec.w3c.W3CHttpResponseCodec.createException(W3CHttpResponseCodec.java:200)
	at org.openqa.selenium.remote.codec.w3c.W3CHttpResponseCodec.decode(W3CHttpResponseCodec.java:133)
	at org.openqa.selenium.remote.codec.w3c.W3CHttpResponseCodec.decode(W3CHttpResponseCodec.java:52)
	at org.openqa.selenium.remote.HttpCommandExecutor.execute(HttpCommandExecutor.java:191)
	at org.openqa.selenium.remote.TracedCommandExecutor.execute(TracedCommandExecutor.java:51)
	at org.openqa.selenium.remote.RemoteWebDriver.execute(RemoteWebDriver.java:602)
	at org.openqa.selenium.remote.ElementLocation$ElementFinder$2.findElement(ElementLocation.java:165)
	at org.openqa.selenium.remote.ElementLocation.findElement(ElementLocation.java:59)
	at org.openqa.selenium.remote.RemoteWebDriver.findElement(RemoteWebDriver.java:359)
	at org.openqa.selenium.remote.RemoteWebDriver.findElement(RemoteWebDriver.java:353)
	at org.openqa.selenium.support.pagefactory.DefaultElementLocator.findElement(DefaultElementLocator.java:68)
	at org.openqa.selenium.support.pagefactory.internal.LocatingElementHandler.invoke(LocatingElementHandler.java:38)
	at jdk.proxy2/jdk.proxy2.$Proxy26.getText(Unknown Source)
	at alchemy_Pages.Dashboard.getmssbeforetransaction(Dashboard.java:163)
	at smoke_suite.ALC_4957.getmonthlyss(ALC_4957.java:23)
	at java.base/jdk.internal.reflect.NativeMethodAccessorImpl.invoke0(Native Method)
	at java.base/jdk.internal.reflect.NativeMethodAccessorImpl.invoke(NativeMethodAccessorImpl.java:77)
	at java.base/jdk.internal.reflect.DelegatingMethodAccessorImpl.invoke(DelegatingMethodAccessorImpl.java:43)
	at java.base/java.lang.reflect.Method.invoke(Method.java:568)
	at org.testng.internal.invokers.MethodInvocationHelper.invokeMethod(MethodInvocationHelper.java:139)
	at org.testng.internal.invokers.TestInvoker.invokeMethod(TestInvoker.java:664)
	at org.testng.internal.invokers.TestInvoker.invokeTestMethod(TestInvoker.java:227)
	at org.testng.internal.invokers.MethodRunner.runInSequence(MethodRunner.java:50)
	at org.testng.internal.invokers.TestInvoker$MethodInvocationAgent.invoke(TestInvoker.java:957)
	at org.testng.internal.invokers.TestInvoker.invokeTestMethods(TestInvoker.java:200)
	at org.testng.internal.invokers.TestMethodWorker.invokeTestMethods(TestMethodWorker.java:148)
	at org.testng.internal.invokers.TestMethodWorker.run(TestMethodWorker.java:128)
	at java.base/java.util.ArrayList.forEach(ArrayList.java:1511)
	at org.testng.TestRunner.privateRun(TestRunner.java:848)
	at org.testng.TestRunner.run(TestRunner.java:621)
	at org.testng.SuiteRunner.runTest(SuiteRunner.java:443)
	at org.testng.SuiteRunner.runSequentially(SuiteRunner.java:437)
	at org.testng.SuiteRunner.privateRun(SuiteRunner.java:397)
	at org.testng.SuiteRunner.run(SuiteRunner.java:336)
	at org.testng.SuiteRunnerWorker.runSuite(SuiteRunnerWorker.java:52)
	at org.testng.SuiteRunnerWorker.run(SuiteRunnerWorker.java:95)
	at org.testng.TestNG.runSuitesSequentially(TestNG.java:1280)
	at org.testng.TestNG.runSuitesLocally(TestNG.java:1200)
	at org.testng.TestNG.runSuites(TestNG.java:1114)
	at org.testng.TestNG.run(TestNG.java:1082)
	at org.testng.remote.AbstractRemoteTestNG.run(AbstractRemoteTestNG.java:115)
	at org.testng.remote.RemoteTestNG.initAndRun(RemoteTestNG.java:251)
	at org.testng.remote.RemoteTestNG.main(RemoteTestNG.java:77)
</pre></div></td>
<td>204</td>
<td>smoke_suite.ALC_4957@5495333e</td></tr>
<tr>
<td title='smoke_suite.ALC_4350.EditMemberDetails()'><b>EditMemberDetails</b><br>Test class: smoke_suite.ALC_4350<br>Test method: - Data displayed in user will turn into a field that can be edited | -Changes are saved and can be seen in user details</td>
<td><div><pre>org.openqa.selenium.NoSuchElementException: no such element: Unable to locate element: {&quot;method&quot;:&quot;xpath&quot;,&quot;selector&quot;:&quot;//div[@class=&apos;container-fluid&apos;]//datatable//table/tbody/tr[1]/td[1]/div/div&quot;}
  (Session info: chrome=125.0.6422.61)
For documentation on this error, please visit: https://www.selenium.dev/documentation/webdriver/troubleshooting/errors#no-such-element-exception
Build info: version: &apos;4.13.0&apos;, revision: &apos;ba948ece5b*&apos;
System info: os.name: &apos;Windows 11&apos;, os.arch: &apos;amd64&apos;, os.version: &apos;10.0&apos;, java.version: &apos;17.0.6&apos;
Driver info: org.openqa.selenium.remote.RemoteWebDriver
Command: [618b7ab3606f0107a11761ef32721ee3, findElement {using=xpath, value=//div[@class=&apos;container-fluid&apos;]//datatable//table/tbody/tr[1]/td[1]/div/div}]
Capabilities {acceptInsecureCerts: false, browserName: chrome, browserVersion: 125.0.6422.61, chrome: {chromedriverVersion: 125.0.6422.76 (67dcf7562b8f..., userDataDir: C:\Program Files\scoped_dir...}, fedcm:accounts: true, goog:chromeOptions: {debuggerAddress: localhost:9225}, networkConnectionEnabled: false, pageLoadStrategy: normal, platformName: windows, proxy: Proxy(), setWindowRect: true, strictFileInteractability: false, timeouts: {implicit: 0, pageLoad: 300000, script: 30000}, unhandledPromptBehavior: dismiss and notify, webauthn:extension:credBlob: true, webauthn:extension:largeBlob: true, webauthn:extension:minPinLength: true, webauthn:extension:prf: true, webauthn:virtualAuthenticators: true}
Session ID: 618b7ab3606f0107a11761ef32721ee3
	at org.openqa.selenium.remote.codec.w3c.W3CHttpResponseCodec.createException(W3CHttpResponseCodec.java:200)
	at org.openqa.selenium.remote.codec.w3c.W3CHttpResponseCodec.decode(W3CHttpResponseCodec.java:133)
	at org.openqa.selenium.remote.codec.w3c.W3CHttpResponseCodec.decode(W3CHttpResponseCodec.java:52)
	at org.openqa.selenium.remote.HttpCommandExecutor.execute(HttpCommandExecutor.java:191)
	at org.openqa.selenium.remote.TracedCommandExecutor.execute(TracedCommandExecutor.java:51)
	at org.openqa.selenium.remote.RemoteWebDriver.execute(RemoteWebDriver.java:602)
	at org.openqa.selenium.remote.ElementLocation$ElementFinder$2.findElement(ElementLocation.java:165)
	at org.openqa.selenium.remote.ElementLocation.findElement(ElementLocation.java:59)
	at org.openqa.selenium.remote.RemoteWebDriver.findElement(RemoteWebDriver.java:359)
	at org.openqa.selenium.remote.RemoteWebDriver.findElement(RemoteWebDriver.java:353)
	at org.openqa.selenium.support.pagefactory.DefaultElementLocator.findElement(DefaultElementLocator.java:68)
	at org.openqa.selenium.support.pagefactory.internal.LocatingElementHandler.invoke(LocatingElementHandler.java:38)
	at jdk.proxy2/jdk.proxy2.$Proxy26.click(Unknown Source)
	at alchemy_Pages.Members.clickSpecificMember(Members.java:268)
	at alchemy_Pages.Members.editMemberDetails(Members.java:329)
	at smoke_suite.ALC_4350.EditMemberDetails(ALC_4350.java:93)
	at java.base/java.util.ArrayList.forEach(ArrayList.java:1511)
... Removed 31 stack frames</pre></div><a href='#' onClick='toggleBox("stack-trace2055989356", this, "Click to show all stack frames", "Click to hide stack frames")'>Click to show all stack frames</a>
<div class='stack-trace' id='stack-trace2055989356'><pre>org.openqa.selenium.NoSuchElementException: no such element: Unable to locate element: {&quot;method&quot;:&quot;xpath&quot;,&quot;selector&quot;:&quot;//div[@class=&apos;container-fluid&apos;]//datatable//table/tbody/tr[1]/td[1]/div/div&quot;}
  (Session info: chrome=125.0.6422.61)
For documentation on this error, please visit: https://www.selenium.dev/documentation/webdriver/troubleshooting/errors#no-such-element-exception
Build info: version: &apos;4.13.0&apos;, revision: &apos;ba948ece5b*&apos;
System info: os.name: &apos;Windows 11&apos;, os.arch: &apos;amd64&apos;, os.version: &apos;10.0&apos;, java.version: &apos;17.0.6&apos;
Driver info: org.openqa.selenium.remote.RemoteWebDriver
Command: [618b7ab3606f0107a11761ef32721ee3, findElement {using=xpath, value=//div[@class=&apos;container-fluid&apos;]//datatable//table/tbody/tr[1]/td[1]/div/div}]
Capabilities {acceptInsecureCerts: false, browserName: chrome, browserVersion: 125.0.6422.61, chrome: {chromedriverVersion: 125.0.6422.76 (67dcf7562b8f..., userDataDir: C:\Program Files\scoped_dir...}, fedcm:accounts: true, goog:chromeOptions: {debuggerAddress: localhost:9225}, networkConnectionEnabled: false, pageLoadStrategy: normal, platformName: windows, proxy: Proxy(), setWindowRect: true, strictFileInteractability: false, timeouts: {implicit: 0, pageLoad: 300000, script: 30000}, unhandledPromptBehavior: dismiss and notify, webauthn:extension:credBlob: true, webauthn:extension:largeBlob: true, webauthn:extension:minPinLength: true, webauthn:extension:prf: true, webauthn:virtualAuthenticators: true}
Session ID: 618b7ab3606f0107a11761ef32721ee3
	at jdk.internal.reflect.GeneratedConstructorAccessor36.newInstance(Unknown Source)
	at java.base/jdk.internal.reflect.DelegatingConstructorAccessorImpl.newInstance(DelegatingConstructorAccessorImpl.java:45)
	at java.base/java.lang.reflect.Constructor.newInstanceWithCaller(Constructor.java:499)
	at java.base/java.lang.reflect.Constructor.newInstance(Constructor.java:480)
	at org.openqa.selenium.remote.codec.w3c.W3CHttpResponseCodec.createException(W3CHttpResponseCodec.java:200)
	at org.openqa.selenium.remote.codec.w3c.W3CHttpResponseCodec.decode(W3CHttpResponseCodec.java:133)
	at org.openqa.selenium.remote.codec.w3c.W3CHttpResponseCodec.decode(W3CHttpResponseCodec.java:52)
	at org.openqa.selenium.remote.HttpCommandExecutor.execute(HttpCommandExecutor.java:191)
	at org.openqa.selenium.remote.TracedCommandExecutor.execute(TracedCommandExecutor.java:51)
	at org.openqa.selenium.remote.RemoteWebDriver.execute(RemoteWebDriver.java:602)
	at org.openqa.selenium.remote.ElementLocation$ElementFinder$2.findElement(ElementLocation.java:165)
	at org.openqa.selenium.remote.ElementLocation.findElement(ElementLocation.java:59)
	at org.openqa.selenium.remote.RemoteWebDriver.findElement(RemoteWebDriver.java:359)
	at org.openqa.selenium.remote.RemoteWebDriver.findElement(RemoteWebDriver.java:353)
	at org.openqa.selenium.support.pagefactory.DefaultElementLocator.findElement(DefaultElementLocator.java:68)
	at org.openqa.selenium.support.pagefactory.internal.LocatingElementHandler.invoke(LocatingElementHandler.java:38)
	at jdk.proxy2/jdk.proxy2.$Proxy26.click(Unknown Source)
	at alchemy_Pages.Members.clickSpecificMember(Members.java:268)
	at alchemy_Pages.Members.editMemberDetails(Members.java:329)
	at smoke_suite.ALC_4350.EditMemberDetails(ALC_4350.java:93)
	at java.base/jdk.internal.reflect.NativeMethodAccessorImpl.invoke0(Native Method)
	at java.base/jdk.internal.reflect.NativeMethodAccessorImpl.invoke(NativeMethodAccessorImpl.java:77)
	at java.base/jdk.internal.reflect.DelegatingMethodAccessorImpl.invoke(DelegatingMethodAccessorImpl.java:43)
	at java.base/java.lang.reflect.Method.invoke(Method.java:568)
	at org.testng.internal.invokers.MethodInvocationHelper.invokeMethod(MethodInvocationHelper.java:139)
	at org.testng.internal.invokers.TestInvoker.invokeMethod(TestInvoker.java:664)
	at org.testng.internal.invokers.TestInvoker.invokeTestMethod(TestInvoker.java:227)
	at org.testng.internal.invokers.MethodRunner.runInSequence(MethodRunner.java:50)
	at org.testng.internal.invokers.TestInvoker$MethodInvocationAgent.invoke(TestInvoker.java:957)
	at org.testng.internal.invokers.TestInvoker.invokeTestMethods(TestInvoker.java:200)
	at org.testng.internal.invokers.TestMethodWorker.invokeTestMethods(TestMethodWorker.java:148)
	at org.testng.internal.invokers.TestMethodWorker.run(TestMethodWorker.java:128)
	at java.base/java.util.ArrayList.forEach(ArrayList.java:1511)
	at org.testng.TestRunner.privateRun(TestRunner.java:848)
	at org.testng.TestRunner.run(TestRunner.java:621)
	at org.testng.SuiteRunner.runTest(SuiteRunner.java:443)
	at org.testng.SuiteRunner.runSequentially(SuiteRunner.java:437)
	at org.testng.SuiteRunner.privateRun(SuiteRunner.java:397)
	at org.testng.SuiteRunner.run(SuiteRunner.java:336)
	at org.testng.SuiteRunnerWorker.runSuite(SuiteRunnerWorker.java:52)
	at org.testng.SuiteRunnerWorker.run(SuiteRunnerWorker.java:95)
	at org.testng.TestNG.runSuitesSequentially(TestNG.java:1280)
	at org.testng.TestNG.runSuitesLocally(TestNG.java:1200)
	at org.testng.TestNG.runSuites(TestNG.java:1114)
	at org.testng.TestNG.run(TestNG.java:1082)
	at org.testng.remote.AbstractRemoteTestNG.run(AbstractRemoteTestNG.java:115)
	at org.testng.remote.RemoteTestNG.initAndRun(RemoteTestNG.java:251)
	at org.testng.remote.RemoteTestNG.main(RemoteTestNG.java:77)
</pre></div></td>
<td>90</td>
<td>smoke_suite.ALC_4350@1ef6d34c</td></tr>
<tr>
<td title='smoke_suite.ALC_4957.getmonthlyss2()'><b>getmonthlyss2</b><br>Test class: smoke_suite.ALC_4957<br>Test method: Get monthly snapshot of dashboard after approving bonus. </td>
<td><div><pre>org.openqa.selenium.NoSuchElementException: no such element: Unable to locate element: {&quot;method&quot;:&quot;xpath&quot;,&quot;selector&quot;:&quot;//div[contains(@class,&apos;percentage&apos;)]/parent::div/following-sibling::div[7]/div&quot;}
  (Session info: chrome=125.0.6422.61)
For documentation on this error, please visit: https://www.selenium.dev/documentation/webdriver/troubleshooting/errors#no-such-element-exception
Build info: version: &apos;4.13.0&apos;, revision: &apos;ba948ece5b*&apos;
System info: os.name: &apos;Windows 11&apos;, os.arch: &apos;amd64&apos;, os.version: &apos;10.0&apos;, java.version: &apos;17.0.6&apos;
Driver info: org.openqa.selenium.remote.RemoteWebDriver
Command: [f94878e15444cd6164e7ae94ab0ab50e, findElement {using=xpath, value=//div[contains(@class,&apos;percentage&apos;)]/parent::div/following-sibling::div[7]/div}]
Capabilities {acceptInsecureCerts: false, browserName: chrome, browserVersion: 125.0.6422.61, chrome: {chromedriverVersion: 125.0.6422.76 (67dcf7562b8f..., userDataDir: C:\Program Files\scoped_dir...}, fedcm:accounts: true, goog:chromeOptions: {debuggerAddress: localhost:9225}, networkConnectionEnabled: false, pageLoadStrategy: normal, platformName: windows, proxy: Proxy(), setWindowRect: true, strictFileInteractability: false, timeouts: {implicit: 0, pageLoad: 300000, script: 30000}, unhandledPromptBehavior: dismiss and notify, webauthn:extension:credBlob: true, webauthn:extension:largeBlob: true, webauthn:extension:minPinLength: true, webauthn:extension:prf: true, webauthn:virtualAuthenticators: true}
Session ID: f94878e15444cd6164e7ae94ab0ab50e
	at org.openqa.selenium.remote.codec.w3c.W3CHttpResponseCodec.createException(W3CHttpResponseCodec.java:200)
	at org.openqa.selenium.remote.codec.w3c.W3CHttpResponseCodec.decode(W3CHttpResponseCodec.java:133)
	at org.openqa.selenium.remote.codec.w3c.W3CHttpResponseCodec.decode(W3CHttpResponseCodec.java:52)
	at org.openqa.selenium.remote.HttpCommandExecutor.execute(HttpCommandExecutor.java:191)
	at org.openqa.selenium.remote.TracedCommandExecutor.execute(TracedCommandExecutor.java:51)
	at org.openqa.selenium.remote.RemoteWebDriver.execute(RemoteWebDriver.java:602)
	at org.openqa.selenium.remote.ElementLocation$ElementFinder$2.findElement(ElementLocation.java:165)
	at org.openqa.selenium.remote.ElementLocation.findElement(ElementLocation.java:59)
	at org.openqa.selenium.remote.RemoteWebDriver.findElement(RemoteWebDriver.java:359)
	at org.openqa.selenium.remote.RemoteWebDriver.findElement(RemoteWebDriver.java:353)
	at org.openqa.selenium.support.pagefactory.DefaultElementLocator.findElement(DefaultElementLocator.java:68)
	at org.openqa.selenium.support.pagefactory.internal.LocatingElementHandler.invoke(LocatingElementHandler.java:38)
	at jdk.proxy2/jdk.proxy2.$Proxy26.getText(Unknown Source)
	at alchemy_Pages.Dashboard.getmssaftertransaction(Dashboard.java:126)
	at smoke_suite.ALC_4957.getmonthlyss2(ALC_4957.java:38)
	at java.base/java.util.ArrayList.forEach(ArrayList.java:1511)
... Removed 31 stack frames</pre></div><a href='#' onClick='toggleBox("stack-trace1000953678", this, "Click to show all stack frames", "Click to hide stack frames")'>Click to show all stack frames</a>
<div class='stack-trace' id='stack-trace1000953678'><pre>org.openqa.selenium.NoSuchElementException: no such element: Unable to locate element: {&quot;method&quot;:&quot;xpath&quot;,&quot;selector&quot;:&quot;//div[contains(@class,&apos;percentage&apos;)]/parent::div/following-sibling::div[7]/div&quot;}
  (Session info: chrome=125.0.6422.61)
For documentation on this error, please visit: https://www.selenium.dev/documentation/webdriver/troubleshooting/errors#no-such-element-exception
Build info: version: &apos;4.13.0&apos;, revision: &apos;ba948ece5b*&apos;
System info: os.name: &apos;Windows 11&apos;, os.arch: &apos;amd64&apos;, os.version: &apos;10.0&apos;, java.version: &apos;17.0.6&apos;
Driver info: org.openqa.selenium.remote.RemoteWebDriver
Command: [f94878e15444cd6164e7ae94ab0ab50e, findElement {using=xpath, value=//div[contains(@class,&apos;percentage&apos;)]/parent::div/following-sibling::div[7]/div}]
Capabilities {acceptInsecureCerts: false, browserName: chrome, browserVersion: 125.0.6422.61, chrome: {chromedriverVersion: 125.0.6422.76 (67dcf7562b8f..., userDataDir: C:\Program Files\scoped_dir...}, fedcm:accounts: true, goog:chromeOptions: {debuggerAddress: localhost:9225}, networkConnectionEnabled: false, pageLoadStrategy: normal, platformName: windows, proxy: Proxy(), setWindowRect: true, strictFileInteractability: false, timeouts: {implicit: 0, pageLoad: 300000, script: 30000}, unhandledPromptBehavior: dismiss and notify, webauthn:extension:credBlob: true, webauthn:extension:largeBlob: true, webauthn:extension:minPinLength: true, webauthn:extension:prf: true, webauthn:virtualAuthenticators: true}
Session ID: f94878e15444cd6164e7ae94ab0ab50e
	at jdk.internal.reflect.GeneratedConstructorAccessor36.newInstance(Unknown Source)
	at java.base/jdk.internal.reflect.DelegatingConstructorAccessorImpl.newInstance(DelegatingConstructorAccessorImpl.java:45)
	at java.base/java.lang.reflect.Constructor.newInstanceWithCaller(Constructor.java:499)
	at java.base/java.lang.reflect.Constructor.newInstance(Constructor.java:480)
	at org.openqa.selenium.remote.codec.w3c.W3CHttpResponseCodec.createException(W3CHttpResponseCodec.java:200)
	at org.openqa.selenium.remote.codec.w3c.W3CHttpResponseCodec.decode(W3CHttpResponseCodec.java:133)
	at org.openqa.selenium.remote.codec.w3c.W3CHttpResponseCodec.decode(W3CHttpResponseCodec.java:52)
	at org.openqa.selenium.remote.HttpCommandExecutor.execute(HttpCommandExecutor.java:191)
	at org.openqa.selenium.remote.TracedCommandExecutor.execute(TracedCommandExecutor.java:51)
	at org.openqa.selenium.remote.RemoteWebDriver.execute(RemoteWebDriver.java:602)
	at org.openqa.selenium.remote.ElementLocation$ElementFinder$2.findElement(ElementLocation.java:165)
	at org.openqa.selenium.remote.ElementLocation.findElement(ElementLocation.java:59)
	at org.openqa.selenium.remote.RemoteWebDriver.findElement(RemoteWebDriver.java:359)
	at org.openqa.selenium.remote.RemoteWebDriver.findElement(RemoteWebDriver.java:353)
	at org.openqa.selenium.support.pagefactory.DefaultElementLocator.findElement(DefaultElementLocator.java:68)
	at org.openqa.selenium.support.pagefactory.internal.LocatingElementHandler.invoke(LocatingElementHandler.java:38)
	at jdk.proxy2/jdk.proxy2.$Proxy26.getText(Unknown Source)
	at alchemy_Pages.Dashboard.getmssaftertransaction(Dashboard.java:126)
	at smoke_suite.ALC_4957.getmonthlyss2(ALC_4957.java:38)
	at java.base/jdk.internal.reflect.NativeMethodAccessorImpl.invoke0(Native Method)
	at java.base/jdk.internal.reflect.NativeMethodAccessorImpl.invoke(NativeMethodAccessorImpl.java:77)
	at java.base/jdk.internal.reflect.DelegatingMethodAccessorImpl.invoke(DelegatingMethodAccessorImpl.java:43)
	at java.base/java.lang.reflect.Method.invoke(Method.java:568)
	at org.testng.internal.invokers.MethodInvocationHelper.invokeMethod(MethodInvocationHelper.java:139)
	at org.testng.internal.invokers.TestInvoker.invokeMethod(TestInvoker.java:664)
	at org.testng.internal.invokers.TestInvoker.invokeTestMethod(TestInvoker.java:227)
	at org.testng.internal.invokers.MethodRunner.runInSequence(MethodRunner.java:50)
	at org.testng.internal.invokers.TestInvoker$MethodInvocationAgent.invoke(TestInvoker.java:957)
	at org.testng.internal.invokers.TestInvoker.invokeTestMethods(TestInvoker.java:200)
	at org.testng.internal.invokers.TestMethodWorker.invokeTestMethods(TestMethodWorker.java:148)
	at org.testng.internal.invokers.TestMethodWorker.run(TestMethodWorker.java:128)
	at java.base/java.util.ArrayList.forEach(ArrayList.java:1511)
	at org.testng.TestRunner.privateRun(TestRunner.java:848)
	at org.testng.TestRunner.run(TestRunner.java:621)
	at org.testng.SuiteRunner.runTest(SuiteRunner.java:443)
	at org.testng.SuiteRunner.runSequentially(SuiteRunner.java:437)
	at org.testng.SuiteRunner.privateRun(SuiteRunner.java:397)
	at org.testng.SuiteRunner.run(SuiteRunner.java:336)
	at org.testng.SuiteRunnerWorker.runSuite(SuiteRunnerWorker.java:52)
	at org.testng.SuiteRunnerWorker.run(SuiteRunnerWorker.java:95)
	at org.testng.TestNG.runSuitesSequentially(TestNG.java:1280)
	at org.testng.TestNG.runSuitesLocally(TestNG.java:1200)
	at org.testng.TestNG.runSuites(TestNG.java:1114)
	at org.testng.TestNG.run(TestNG.java:1082)
	at org.testng.remote.AbstractRemoteTestNG.run(AbstractRemoteTestNG.java:115)
	at org.testng.remote.RemoteTestNG.initAndRun(RemoteTestNG.java:251)
	at org.testng.remote.RemoteTestNG.main(RemoteTestNG.java:77)
</pre></div></td>
<td>198</td>
<td>smoke_suite.ALC_4957@5495333e</td></tr>
<tr>
<td title='smoke_suite.ALC_3710.checktokens()'><b>checktokens</b><br>Test class: smoke_suite.ALC_3710<br>Test method: Ensure that transaction status in reports is completed and member on both alchemy along with the app has same number of tokens.Ensure that Gojek accounts can be unlinked</td>
<td><div><pre>org.openqa.selenium.NoSuchElementException: Can&apos;t locate an element by this strategy: By.chained({AppiumBy.androidUIAutomator: new UiSelector().text(&quot;back&quot;)})
	at io.appium.java_client.pagefactory.AppiumElementLocator.findElement(AppiumElementLocator.java:166)
	at io.appium.java_client.pagefactory.interceptors.InterceptorOfASingleElement.call(InterceptorOfASingleElement.java:64)
	at io.appium.java_client.proxy.Interceptor.intercept(Interceptor.java:78)
	at org.openqa.selenium.remote.RemoteWebElement$ByteBuddy$WcArqPTy.click(Unknown Source)
	at plastic_Bank_Pages.PB_Member_Profile.unlink(PB_Member_Profile.java:447)
	at smoke_suite.ALC_3710.checktokens(ALC_3710.java:56)
	at java.base/java.util.ArrayList.forEach(ArrayList.java:1511)
Caused by: org.openqa.selenium.TimeoutException: Expected condition failed: waiting for io.appium.java_client.pagefactory.AppiumElementLocator$WaitingFunction@65fe528 (tried for 1 second(s) with 500 milliseconds interval)
	at org.openqa.selenium.support.ui.FluentWait.timeoutException(FluentWait.java:262)
	at org.openqa.selenium.support.ui.FluentWait.until(FluentWait.java:230)
	at io.appium.java_client.pagefactory.AppiumElementLocator.waitFor(AppiumElementLocator.java:135)
	at io.appium.java_client.pagefactory.AppiumElementLocator.findElement(AppiumElementLocator.java:160)
	... 33 more
Caused by: org.openqa.selenium.NoSuchElementException: Cannot locate an element using By.chained({AppiumBy.androidUIAutomator: new UiSelector().text(&quot;back&quot;)})
For documentation on this error, please visit: https://www.selenium.dev/documentation/webdriver/troubleshooting/errors#no-such-element-exception
Build info: version: &apos;4.13.0&apos;, revision: &apos;ba948ece5b*&apos;
System info: os.name: &apos;Windows 11&apos;, os.arch: &apos;amd64&apos;, os.version: &apos;10.0&apos;, java.version: &apos;17.0.6&apos;
Driver info: driver.version: RemoteWebDriver
	at io.appium.java_client.pagefactory.bys.builder.ByChained.findElement(ByChained.java:77)
	at org.openqa.selenium.remote.ElementLocation$ElementFinder$1.findElement(ElementLocation.java:139)
	at org.openqa.selenium.remote.ElementLocation.findElement(ElementLocation.java:59)
	at org.openqa.selenium.remote.RemoteWebDriver.findElement(RemoteWebDriver.java:359)
	at org.openqa.selenium.remote.RemoteWebDriver.findElement(RemoteWebDriver.java:353)
	at io.appium.java_client.pagefactory.bys.ContentMappedBy.findElement(ContentMappedBy.java:53)
	at org.openqa.selenium.remote.ElementLocation$ElementFinder$1.findElement(ElementLocation.java:139)
	at org.openqa.selenium.remote.ElementLocation.findElement(ElementLocation.java:59)
	at org.openqa.selenium.remote.RemoteWebDriver.findElement(RemoteWebDriver.java:359)
	at org.openqa.selenium.remote.RemoteWebDriver.findElement(RemoteWebDriver.java:353)
	at io.appium.java_client.pagefactory.AppiumElementLocator.lambda$findElement$1(AppiumElementLocator.java:160)
	at io.appium.java_client.pagefactory.AppiumElementLocator$WaitingFunction.apply(AppiumElementLocator.java:217)
	at io.appium.java_client.pagefactory.AppiumElementLocator$WaitingFunction.apply(AppiumElementLocator.java:210)
	at org.openqa.selenium.support.ui.FluentWait.until(FluentWait.java:205)
	... 35 more
... Removed 27 stack frames</pre></div><a href='#' onClick='toggleBox("stack-trace916511978", this, "Click to show all stack frames", "Click to hide stack frames")'>Click to show all stack frames</a>
<div class='stack-trace' id='stack-trace916511978'><pre>org.openqa.selenium.NoSuchElementException: Can&apos;t locate an element by this strategy: By.chained({AppiumBy.androidUIAutomator: new UiSelector().text(&quot;back&quot;)})
	at io.appium.java_client.pagefactory.AppiumElementLocator.findElement(AppiumElementLocator.java:166)
	at io.appium.java_client.pagefactory.interceptors.InterceptorOfASingleElement.call(InterceptorOfASingleElement.java:64)
	at io.appium.java_client.proxy.Interceptor.intercept(Interceptor.java:78)
	at org.openqa.selenium.remote.RemoteWebElement$ByteBuddy$WcArqPTy.click(Unknown Source)
	at plastic_Bank_Pages.PB_Member_Profile.unlink(PB_Member_Profile.java:447)
	at smoke_suite.ALC_3710.checktokens(ALC_3710.java:56)
	at java.base/jdk.internal.reflect.NativeMethodAccessorImpl.invoke0(Native Method)
	at java.base/jdk.internal.reflect.NativeMethodAccessorImpl.invoke(NativeMethodAccessorImpl.java:77)
	at java.base/jdk.internal.reflect.DelegatingMethodAccessorImpl.invoke(DelegatingMethodAccessorImpl.java:43)
	at java.base/java.lang.reflect.Method.invoke(Method.java:568)
	at org.testng.internal.invokers.MethodInvocationHelper.invokeMethod(MethodInvocationHelper.java:139)
	at org.testng.internal.invokers.TestInvoker.invokeMethod(TestInvoker.java:664)
	at org.testng.internal.invokers.TestInvoker.invokeTestMethod(TestInvoker.java:227)
	at org.testng.internal.invokers.MethodRunner.runInSequence(MethodRunner.java:50)
	at org.testng.internal.invokers.TestInvoker$MethodInvocationAgent.invoke(TestInvoker.java:957)
	at org.testng.internal.invokers.TestInvoker.invokeTestMethods(TestInvoker.java:200)
	at org.testng.internal.invokers.TestMethodWorker.invokeTestMethods(TestMethodWorker.java:148)
	at org.testng.internal.invokers.TestMethodWorker.run(TestMethodWorker.java:128)
	at java.base/java.util.ArrayList.forEach(ArrayList.java:1511)
	at org.testng.TestRunner.privateRun(TestRunner.java:848)
	at org.testng.TestRunner.run(TestRunner.java:621)
	at org.testng.SuiteRunner.runTest(SuiteRunner.java:443)
	at org.testng.SuiteRunner.runSequentially(SuiteRunner.java:437)
	at org.testng.SuiteRunner.privateRun(SuiteRunner.java:397)
	at org.testng.SuiteRunner.run(SuiteRunner.java:336)
	at org.testng.SuiteRunnerWorker.runSuite(SuiteRunnerWorker.java:52)
	at org.testng.SuiteRunnerWorker.run(SuiteRunnerWorker.java:95)
	at org.testng.TestNG.runSuitesSequentially(TestNG.java:1280)
	at org.testng.TestNG.runSuitesLocally(TestNG.java:1200)
	at org.testng.TestNG.runSuites(TestNG.java:1114)
	at org.testng.TestNG.run(TestNG.java:1082)
	at org.testng.remote.AbstractRemoteTestNG.run(AbstractRemoteTestNG.java:115)
	at org.testng.remote.RemoteTestNG.initAndRun(RemoteTestNG.java:251)
	at org.testng.remote.RemoteTestNG.main(RemoteTestNG.java:77)
Caused by: org.openqa.selenium.TimeoutException: Expected condition failed: waiting for io.appium.java_client.pagefactory.AppiumElementLocator$WaitingFunction@65fe528 (tried for 1 second(s) with 500 milliseconds interval)
	at org.openqa.selenium.support.ui.FluentWait.timeoutException(FluentWait.java:262)
	at org.openqa.selenium.support.ui.FluentWait.until(FluentWait.java:230)
	at io.appium.java_client.pagefactory.AppiumElementLocator.waitFor(AppiumElementLocator.java:135)
	at io.appium.java_client.pagefactory.AppiumElementLocator.findElement(AppiumElementLocator.java:160)
	... 33 more
Caused by: org.openqa.selenium.NoSuchElementException: Cannot locate an element using By.chained({AppiumBy.androidUIAutomator: new UiSelector().text(&quot;back&quot;)})
For documentation on this error, please visit: https://www.selenium.dev/documentation/webdriver/troubleshooting/errors#no-such-element-exception
Build info: version: &apos;4.13.0&apos;, revision: &apos;ba948ece5b*&apos;
System info: os.name: &apos;Windows 11&apos;, os.arch: &apos;amd64&apos;, os.version: &apos;10.0&apos;, java.version: &apos;17.0.6&apos;
Driver info: driver.version: RemoteWebDriver
	at io.appium.java_client.pagefactory.bys.builder.ByChained.findElement(ByChained.java:77)
	at org.openqa.selenium.remote.ElementLocation$ElementFinder$1.findElement(ElementLocation.java:139)
	at org.openqa.selenium.remote.ElementLocation.findElement(ElementLocation.java:59)
	at org.openqa.selenium.remote.RemoteWebDriver.findElement(RemoteWebDriver.java:359)
	at org.openqa.selenium.remote.RemoteWebDriver.findElement(RemoteWebDriver.java:353)
	at io.appium.java_client.pagefactory.bys.ContentMappedBy.findElement(ContentMappedBy.java:53)
	at org.openqa.selenium.remote.ElementLocation$ElementFinder$1.findElement(ElementLocation.java:139)
	at org.openqa.selenium.remote.ElementLocation.findElement(ElementLocation.java:59)
	at org.openqa.selenium.remote.RemoteWebDriver.findElement(RemoteWebDriver.java:359)
	at org.openqa.selenium.remote.RemoteWebDriver.findElement(RemoteWebDriver.java:353)
	at io.appium.java_client.pagefactory.AppiumElementLocator.lambda$findElement$1(AppiumElementLocator.java:160)
	at io.appium.java_client.pagefactory.AppiumElementLocator$WaitingFunction.apply(AppiumElementLocator.java:217)
	at io.appium.java_client.pagefactory.AppiumElementLocator$WaitingFunction.apply(AppiumElementLocator.java:210)
	at org.openqa.selenium.support.ui.FluentWait.until(FluentWait.java:205)
	... 35 more
</pre></div></td>
<td>163</td>
<td>smoke_suite.ALC_3710@12a94400</td></tr>
<tr>
<td title='smoke_suite.ALC_4358.verifyInAlchemy()'><b>verifyInAlchemy</b><br>Test class: smoke_suite.ALC_4358<br>Test method: Verify the Branch Exchange History for Split Branch In Alchemy</td>
<td><div><pre>java.lang.AssertionError
	at alchemy_Pages.Branches.splitBranchVerify(Branches.java:395)
	at smoke_suite.ALC_4358.verifyInAlchemy(ALC_4358.java:81)
	at java.base/java.util.ArrayList.forEach(ArrayList.java:1511)
... Removed 27 stack frames</pre></div><a href='#' onClick='toggleBox("stack-trace1150630232", this, "Click to show all stack frames", "Click to hide stack frames")'>Click to show all stack frames</a>
<div class='stack-trace' id='stack-trace1150630232'><pre>java.lang.AssertionError
	at alchemy_Pages.Branches.splitBranchVerify(Branches.java:395)
	at smoke_suite.ALC_4358.verifyInAlchemy(ALC_4358.java:81)
	at java.base/jdk.internal.reflect.NativeMethodAccessorImpl.invoke0(Native Method)
	at java.base/jdk.internal.reflect.NativeMethodAccessorImpl.invoke(NativeMethodAccessorImpl.java:77)
	at java.base/jdk.internal.reflect.DelegatingMethodAccessorImpl.invoke(DelegatingMethodAccessorImpl.java:43)
	at java.base/java.lang.reflect.Method.invoke(Method.java:568)
	at org.testng.internal.invokers.MethodInvocationHelper.invokeMethod(MethodInvocationHelper.java:139)
	at org.testng.internal.invokers.TestInvoker.invokeMethod(TestInvoker.java:664)
	at org.testng.internal.invokers.TestInvoker.invokeTestMethod(TestInvoker.java:227)
	at org.testng.internal.invokers.MethodRunner.runInSequence(MethodRunner.java:50)
	at org.testng.internal.invokers.TestInvoker$MethodInvocationAgent.invoke(TestInvoker.java:957)
	at org.testng.internal.invokers.TestInvoker.invokeTestMethods(TestInvoker.java:200)
	at org.testng.internal.invokers.TestMethodWorker.invokeTestMethods(TestMethodWorker.java:148)
	at org.testng.internal.invokers.TestMethodWorker.run(TestMethodWorker.java:128)
	at java.base/java.util.ArrayList.forEach(ArrayList.java:1511)
	at org.testng.TestRunner.privateRun(TestRunner.java:848)
	at org.testng.TestRunner.run(TestRunner.java:621)
	at org.testng.SuiteRunner.runTest(SuiteRunner.java:443)
	at org.testng.SuiteRunner.runSequentially(SuiteRunner.java:437)
	at org.testng.SuiteRunner.privateRun(SuiteRunner.java:397)
	at org.testng.SuiteRunner.run(SuiteRunner.java:336)
	at org.testng.SuiteRunnerWorker.runSuite(SuiteRunnerWorker.java:52)
	at org.testng.SuiteRunnerWorker.run(SuiteRunnerWorker.java:95)
	at org.testng.TestNG.runSuitesSequentially(TestNG.java:1280)
	at org.testng.TestNG.runSuitesLocally(TestNG.java:1200)
	at org.testng.TestNG.runSuites(TestNG.java:1114)
	at org.testng.TestNG.run(TestNG.java:1082)
	at org.testng.remote.AbstractRemoteTestNG.run(AbstractRemoteTestNG.java:115)
	at org.testng.remote.RemoteTestNG.initAndRun(RemoteTestNG.java:251)
	at org.testng.remote.RemoteTestNG.main(RemoteTestNG.java:77)
</pre></div></td>
<td>37</td>
<td>smoke_suite.ALC_4358@58594a11</td></tr>
<tr>
<td title='smoke_suite.ALC_4350.memberSuspendVerify()'><b>memberSuspendVerify</b><br>Test class: smoke_suite.ALC_4350<br>Test method: User should not be able to login because account was suspended</td>
<td><div><pre>org.openqa.selenium.NoSuchElementException: Can&apos;t locate an element by this strategy: By.chained({AppiumBy.androidUIAutomator: new UiSelector().textContains(&quot;Account Suspended&quot;)})
	at io.appium.java_client.pagefactory.AppiumElementLocator.findElement(AppiumElementLocator.java:166)
	at io.appium.java_client.pagefactory.interceptors.InterceptorOfASingleElement.call(InterceptorOfASingleElement.java:64)
	at io.appium.java_client.proxy.Interceptor.intercept(Interceptor.java:78)
	at org.openqa.selenium.remote.RemoteWebElement$ByteBuddy$ni4Un1TU.isDisplayed(Unknown Source)
	at plastic_Bank_Pages.PB_Register_CollectionPoint.verifysuspendedmember(PB_Register_CollectionPoint.java:533)
	at smoke_suite.ALC_4350.memberSuspendVerify(ALC_4350.java:125)
	at java.base/java.util.ArrayList.forEach(ArrayList.java:1511)
Caused by: org.openqa.selenium.TimeoutException: Expected condition failed: waiting for io.appium.java_client.pagefactory.AppiumElementLocator$WaitingFunction@df890a8 (tried for 1 second(s) with 500 milliseconds interval)
	at org.openqa.selenium.support.ui.FluentWait.timeoutException(FluentWait.java:262)
	at org.openqa.selenium.support.ui.FluentWait.until(FluentWait.java:230)
	at io.appium.java_client.pagefactory.AppiumElementLocator.waitFor(AppiumElementLocator.java:135)
	at io.appium.java_client.pagefactory.AppiumElementLocator.findElement(AppiumElementLocator.java:160)
	... 33 more
Caused by: org.openqa.selenium.NoSuchElementException: Cannot locate an element using By.chained({AppiumBy.androidUIAutomator: new UiSelector().textContains(&quot;Account Suspended&quot;)})
For documentation on this error, please visit: https://www.selenium.dev/documentation/webdriver/troubleshooting/errors#no-such-element-exception
Build info: version: &apos;4.13.0&apos;, revision: &apos;ba948ece5b*&apos;
System info: os.name: &apos;Windows 11&apos;, os.arch: &apos;amd64&apos;, os.version: &apos;10.0&apos;, java.version: &apos;17.0.6&apos;
Driver info: driver.version: RemoteWebDriver
	at io.appium.java_client.pagefactory.bys.builder.ByChained.findElement(ByChained.java:77)
	at org.openqa.selenium.remote.ElementLocation$ElementFinder$1.findElement(ElementLocation.java:139)
	at org.openqa.selenium.remote.ElementLocation.findElement(ElementLocation.java:59)
	at org.openqa.selenium.remote.RemoteWebDriver.findElement(RemoteWebDriver.java:359)
	at org.openqa.selenium.remote.RemoteWebDriver.findElement(RemoteWebDriver.java:353)
	at io.appium.java_client.pagefactory.bys.ContentMappedBy.findElement(ContentMappedBy.java:53)
	at org.openqa.selenium.remote.ElementLocation$ElementFinder$1.findElement(ElementLocation.java:139)
	at org.openqa.selenium.remote.ElementLocation.findElement(ElementLocation.java:59)
	at org.openqa.selenium.remote.RemoteWebDriver.findElement(RemoteWebDriver.java:359)
	at org.openqa.selenium.remote.RemoteWebDriver.findElement(RemoteWebDriver.java:353)
	at io.appium.java_client.pagefactory.AppiumElementLocator.lambda$findElement$1(AppiumElementLocator.java:160)
	at io.appium.java_client.pagefactory.AppiumElementLocator$WaitingFunction.apply(AppiumElementLocator.java:217)
	at io.appium.java_client.pagefactory.AppiumElementLocator$WaitingFunction.apply(AppiumElementLocator.java:210)
	at org.openqa.selenium.support.ui.FluentWait.until(FluentWait.java:205)
	... 35 more
... Removed 27 stack frames</pre></div><a href='#' onClick='toggleBox("stack-trace799185007", this, "Click to show all stack frames", "Click to hide stack frames")'>Click to show all stack frames</a>
<div class='stack-trace' id='stack-trace799185007'><pre>org.openqa.selenium.NoSuchElementException: Can&apos;t locate an element by this strategy: By.chained({AppiumBy.androidUIAutomator: new UiSelector().textContains(&quot;Account Suspended&quot;)})
	at io.appium.java_client.pagefactory.AppiumElementLocator.findElement(AppiumElementLocator.java:166)
	at io.appium.java_client.pagefactory.interceptors.InterceptorOfASingleElement.call(InterceptorOfASingleElement.java:64)
	at io.appium.java_client.proxy.Interceptor.intercept(Interceptor.java:78)
	at org.openqa.selenium.remote.RemoteWebElement$ByteBuddy$ni4Un1TU.isDisplayed(Unknown Source)
	at plastic_Bank_Pages.PB_Register_CollectionPoint.verifysuspendedmember(PB_Register_CollectionPoint.java:533)
	at smoke_suite.ALC_4350.memberSuspendVerify(ALC_4350.java:125)
	at java.base/jdk.internal.reflect.NativeMethodAccessorImpl.invoke0(Native Method)
	at java.base/jdk.internal.reflect.NativeMethodAccessorImpl.invoke(NativeMethodAccessorImpl.java:77)
	at java.base/jdk.internal.reflect.DelegatingMethodAccessorImpl.invoke(DelegatingMethodAccessorImpl.java:43)
	at java.base/java.lang.reflect.Method.invoke(Method.java:568)
	at org.testng.internal.invokers.MethodInvocationHelper.invokeMethod(MethodInvocationHelper.java:139)
	at org.testng.internal.invokers.TestInvoker.invokeMethod(TestInvoker.java:664)
	at org.testng.internal.invokers.TestInvoker.invokeTestMethod(TestInvoker.java:227)
	at org.testng.internal.invokers.MethodRunner.runInSequence(MethodRunner.java:50)
	at org.testng.internal.invokers.TestInvoker$MethodInvocationAgent.invoke(TestInvoker.java:957)
	at org.testng.internal.invokers.TestInvoker.invokeTestMethods(TestInvoker.java:200)
	at org.testng.internal.invokers.TestMethodWorker.invokeTestMethods(TestMethodWorker.java:148)
	at org.testng.internal.invokers.TestMethodWorker.run(TestMethodWorker.java:128)
	at java.base/java.util.ArrayList.forEach(ArrayList.java:1511)
	at org.testng.TestRunner.privateRun(TestRunner.java:848)
	at org.testng.TestRunner.run(TestRunner.java:621)
	at org.testng.SuiteRunner.runTest(SuiteRunner.java:443)
	at org.testng.SuiteRunner.runSequentially(SuiteRunner.java:437)
	at org.testng.SuiteRunner.privateRun(SuiteRunner.java:397)
	at org.testng.SuiteRunner.run(SuiteRunner.java:336)
	at org.testng.SuiteRunnerWorker.runSuite(SuiteRunnerWorker.java:52)
	at org.testng.SuiteRunnerWorker.run(SuiteRunnerWorker.java:95)
	at org.testng.TestNG.runSuitesSequentially(TestNG.java:1280)
	at org.testng.TestNG.runSuitesLocally(TestNG.java:1200)
	at org.testng.TestNG.runSuites(TestNG.java:1114)
	at org.testng.TestNG.run(TestNG.java:1082)
	at org.testng.remote.AbstractRemoteTestNG.run(AbstractRemoteTestNG.java:115)
	at org.testng.remote.RemoteTestNG.initAndRun(RemoteTestNG.java:251)
	at org.testng.remote.RemoteTestNG.main(RemoteTestNG.java:77)
Caused by: org.openqa.selenium.TimeoutException: Expected condition failed: waiting for io.appium.java_client.pagefactory.AppiumElementLocator$WaitingFunction@df890a8 (tried for 1 second(s) with 500 milliseconds interval)
	at org.openqa.selenium.support.ui.FluentWait.timeoutException(FluentWait.java:262)
	at org.openqa.selenium.support.ui.FluentWait.until(FluentWait.java:230)
	at io.appium.java_client.pagefactory.AppiumElementLocator.waitFor(AppiumElementLocator.java:135)
	at io.appium.java_client.pagefactory.AppiumElementLocator.findElement(AppiumElementLocator.java:160)
	... 33 more
Caused by: org.openqa.selenium.NoSuchElementException: Cannot locate an element using By.chained({AppiumBy.androidUIAutomator: new UiSelector().textContains(&quot;Account Suspended&quot;)})
For documentation on this error, please visit: https://www.selenium.dev/documentation/webdriver/troubleshooting/errors#no-such-element-exception
Build info: version: &apos;4.13.0&apos;, revision: &apos;ba948ece5b*&apos;
System info: os.name: &apos;Windows 11&apos;, os.arch: &apos;amd64&apos;, os.version: &apos;10.0&apos;, java.version: &apos;17.0.6&apos;
Driver info: driver.version: RemoteWebDriver
	at io.appium.java_client.pagefactory.bys.builder.ByChained.findElement(ByChained.java:77)
	at org.openqa.selenium.remote.ElementLocation$ElementFinder$1.findElement(ElementLocation.java:139)
	at org.openqa.selenium.remote.ElementLocation.findElement(ElementLocation.java:59)
	at org.openqa.selenium.remote.RemoteWebDriver.findElement(RemoteWebDriver.java:359)
	at org.openqa.selenium.remote.RemoteWebDriver.findElement(RemoteWebDriver.java:353)
	at io.appium.java_client.pagefactory.bys.ContentMappedBy.findElement(ContentMappedBy.java:53)
	at org.openqa.selenium.remote.ElementLocation$ElementFinder$1.findElement(ElementLocation.java:139)
	at org.openqa.selenium.remote.ElementLocation.findElement(ElementLocation.java:59)
	at org.openqa.selenium.remote.RemoteWebDriver.findElement(RemoteWebDriver.java:359)
	at org.openqa.selenium.remote.RemoteWebDriver.findElement(RemoteWebDriver.java:353)
	at io.appium.java_client.pagefactory.AppiumElementLocator.lambda$findElement$1(AppiumElementLocator.java:160)
	at io.appium.java_client.pagefactory.AppiumElementLocator$WaitingFunction.apply(AppiumElementLocator.java:217)
	at io.appium.java_client.pagefactory.AppiumElementLocator$WaitingFunction.apply(AppiumElementLocator.java:210)
	at org.openqa.selenium.support.ui.FluentWait.until(FluentWait.java:205)
	... 35 more
</pre></div></td>
<td>101</td>
<td>smoke_suite.ALC_4350@1ef6d34c</td></tr>
<tr>
<td title='smoke_suite.ALC_4350.suspendMemberALC()'><b>suspendMemberALC</b><br>Test class: smoke_suite.ALC_4350<br>Test method: -A pop up confirmation will appear and ask user if they are sure to suspend the account | - Once confirming, user should have suspend checkbox checked</td>
<td><div><pre>org.openqa.selenium.NoSuchElementException: no such element: Unable to locate element: {&quot;method&quot;:&quot;xpath&quot;,&quot;selector&quot;:&quot;//div[@class=&apos;container-fluid&apos;]//datatable//table/tbody/tr[1]/td[1]/div/div&quot;}
  (Session info: chrome=125.0.6422.61)
For documentation on this error, please visit: https://www.selenium.dev/documentation/webdriver/troubleshooting/errors#no-such-element-exception
Build info: version: &apos;4.13.0&apos;, revision: &apos;ba948ece5b*&apos;
System info: os.name: &apos;Windows 11&apos;, os.arch: &apos;amd64&apos;, os.version: &apos;10.0&apos;, java.version: &apos;17.0.6&apos;
Driver info: org.openqa.selenium.remote.RemoteWebDriver
Command: [618b7ab3606f0107a11761ef32721ee3, findElement {using=xpath, value=//div[@class=&apos;container-fluid&apos;]//datatable//table/tbody/tr[1]/td[1]/div/div}]
Capabilities {acceptInsecureCerts: false, browserName: chrome, browserVersion: 125.0.6422.61, chrome: {chromedriverVersion: 125.0.6422.76 (67dcf7562b8f..., userDataDir: C:\Program Files\scoped_dir...}, fedcm:accounts: true, goog:chromeOptions: {debuggerAddress: localhost:9225}, networkConnectionEnabled: false, pageLoadStrategy: normal, platformName: windows, proxy: Proxy(), setWindowRect: true, strictFileInteractability: false, timeouts: {implicit: 0, pageLoad: 300000, script: 30000}, unhandledPromptBehavior: dismiss and notify, webauthn:extension:credBlob: true, webauthn:extension:largeBlob: true, webauthn:extension:minPinLength: true, webauthn:extension:prf: true, webauthn:virtualAuthenticators: true}
Session ID: 618b7ab3606f0107a11761ef32721ee3
	at org.openqa.selenium.remote.codec.w3c.W3CHttpResponseCodec.createException(W3CHttpResponseCodec.java:200)
	at org.openqa.selenium.remote.codec.w3c.W3CHttpResponseCodec.decode(W3CHttpResponseCodec.java:133)
	at org.openqa.selenium.remote.codec.w3c.W3CHttpResponseCodec.decode(W3CHttpResponseCodec.java:52)
	at org.openqa.selenium.remote.HttpCommandExecutor.execute(HttpCommandExecutor.java:191)
	at org.openqa.selenium.remote.TracedCommandExecutor.execute(TracedCommandExecutor.java:51)
	at org.openqa.selenium.remote.RemoteWebDriver.execute(RemoteWebDriver.java:602)
	at org.openqa.selenium.remote.ElementLocation$ElementFinder$2.findElement(ElementLocation.java:165)
	at org.openqa.selenium.remote.ElementLocation.findElement(ElementLocation.java:59)
	at org.openqa.selenium.remote.RemoteWebDriver.findElement(RemoteWebDriver.java:359)
	at org.openqa.selenium.remote.RemoteWebDriver.findElement(RemoteWebDriver.java:353)
	at org.openqa.selenium.support.pagefactory.DefaultElementLocator.findElement(DefaultElementLocator.java:68)
	at org.openqa.selenium.support.pagefactory.internal.LocatingElementHandler.invoke(LocatingElementHandler.java:38)
	at jdk.proxy2/jdk.proxy2.$Proxy26.click(Unknown Source)
	at alchemy_Pages.Members.clickSpecificMember(Members.java:268)
	at alchemy_Pages.Members.suspendMember(Members.java:355)
	at smoke_suite.ALC_4350.suspendMemberALC(ALC_4350.java:114)
	at java.base/java.util.ArrayList.forEach(ArrayList.java:1511)
... Removed 31 stack frames</pre></div><a href='#' onClick='toggleBox("stack-trace1371717901", this, "Click to show all stack frames", "Click to hide stack frames")'>Click to show all stack frames</a>
<div class='stack-trace' id='stack-trace1371717901'><pre>org.openqa.selenium.NoSuchElementException: no such element: Unable to locate element: {&quot;method&quot;:&quot;xpath&quot;,&quot;selector&quot;:&quot;//div[@class=&apos;container-fluid&apos;]//datatable//table/tbody/tr[1]/td[1]/div/div&quot;}
  (Session info: chrome=125.0.6422.61)
For documentation on this error, please visit: https://www.selenium.dev/documentation/webdriver/troubleshooting/errors#no-such-element-exception
Build info: version: &apos;4.13.0&apos;, revision: &apos;ba948ece5b*&apos;
System info: os.name: &apos;Windows 11&apos;, os.arch: &apos;amd64&apos;, os.version: &apos;10.0&apos;, java.version: &apos;17.0.6&apos;
Driver info: org.openqa.selenium.remote.RemoteWebDriver
Command: [618b7ab3606f0107a11761ef32721ee3, findElement {using=xpath, value=//div[@class=&apos;container-fluid&apos;]//datatable//table/tbody/tr[1]/td[1]/div/div}]
Capabilities {acceptInsecureCerts: false, browserName: chrome, browserVersion: 125.0.6422.61, chrome: {chromedriverVersion: 125.0.6422.76 (67dcf7562b8f..., userDataDir: C:\Program Files\scoped_dir...}, fedcm:accounts: true, goog:chromeOptions: {debuggerAddress: localhost:9225}, networkConnectionEnabled: false, pageLoadStrategy: normal, platformName: windows, proxy: Proxy(), setWindowRect: true, strictFileInteractability: false, timeouts: {implicit: 0, pageLoad: 300000, script: 30000}, unhandledPromptBehavior: dismiss and notify, webauthn:extension:credBlob: true, webauthn:extension:largeBlob: true, webauthn:extension:minPinLength: true, webauthn:extension:prf: true, webauthn:virtualAuthenticators: true}
Session ID: 618b7ab3606f0107a11761ef32721ee3
	at jdk.internal.reflect.GeneratedConstructorAccessor36.newInstance(Unknown Source)
	at java.base/jdk.internal.reflect.DelegatingConstructorAccessorImpl.newInstance(DelegatingConstructorAccessorImpl.java:45)
	at java.base/java.lang.reflect.Constructor.newInstanceWithCaller(Constructor.java:499)
	at java.base/java.lang.reflect.Constructor.newInstance(Constructor.java:480)
	at org.openqa.selenium.remote.codec.w3c.W3CHttpResponseCodec.createException(W3CHttpResponseCodec.java:200)
	at org.openqa.selenium.remote.codec.w3c.W3CHttpResponseCodec.decode(W3CHttpResponseCodec.java:133)
	at org.openqa.selenium.remote.codec.w3c.W3CHttpResponseCodec.decode(W3CHttpResponseCodec.java:52)
	at org.openqa.selenium.remote.HttpCommandExecutor.execute(HttpCommandExecutor.java:191)
	at org.openqa.selenium.remote.TracedCommandExecutor.execute(TracedCommandExecutor.java:51)
	at org.openqa.selenium.remote.RemoteWebDriver.execute(RemoteWebDriver.java:602)
	at org.openqa.selenium.remote.ElementLocation$ElementFinder$2.findElement(ElementLocation.java:165)
	at org.openqa.selenium.remote.ElementLocation.findElement(ElementLocation.java:59)
	at org.openqa.selenium.remote.RemoteWebDriver.findElement(RemoteWebDriver.java:359)
	at org.openqa.selenium.remote.RemoteWebDriver.findElement(RemoteWebDriver.java:353)
	at org.openqa.selenium.support.pagefactory.DefaultElementLocator.findElement(DefaultElementLocator.java:68)
	at org.openqa.selenium.support.pagefactory.internal.LocatingElementHandler.invoke(LocatingElementHandler.java:38)
	at jdk.proxy2/jdk.proxy2.$Proxy26.click(Unknown Source)
	at alchemy_Pages.Members.clickSpecificMember(Members.java:268)
	at alchemy_Pages.Members.suspendMember(Members.java:355)
	at smoke_suite.ALC_4350.suspendMemberALC(ALC_4350.java:114)
	at java.base/jdk.internal.reflect.NativeMethodAccessorImpl.invoke0(Native Method)
	at java.base/jdk.internal.reflect.NativeMethodAccessorImpl.invoke(NativeMethodAccessorImpl.java:77)
	at java.base/jdk.internal.reflect.DelegatingMethodAccessorImpl.invoke(DelegatingMethodAccessorImpl.java:43)
	at java.base/java.lang.reflect.Method.invoke(Method.java:568)
	at org.testng.internal.invokers.MethodInvocationHelper.invokeMethod(MethodInvocationHelper.java:139)
	at org.testng.internal.invokers.TestInvoker.invokeMethod(TestInvoker.java:664)
	at org.testng.internal.invokers.TestInvoker.invokeTestMethod(TestInvoker.java:227)
	at org.testng.internal.invokers.MethodRunner.runInSequence(MethodRunner.java:50)
	at org.testng.internal.invokers.TestInvoker$MethodInvocationAgent.invoke(TestInvoker.java:957)
	at org.testng.internal.invokers.TestInvoker.invokeTestMethods(TestInvoker.java:200)
	at org.testng.internal.invokers.TestMethodWorker.invokeTestMethods(TestMethodWorker.java:148)
	at org.testng.internal.invokers.TestMethodWorker.run(TestMethodWorker.java:128)
	at java.base/java.util.ArrayList.forEach(ArrayList.java:1511)
	at org.testng.TestRunner.privateRun(TestRunner.java:848)
	at org.testng.TestRunner.run(TestRunner.java:621)
	at org.testng.SuiteRunner.runTest(SuiteRunner.java:443)
	at org.testng.SuiteRunner.runSequentially(SuiteRunner.java:437)
	at org.testng.SuiteRunner.privateRun(SuiteRunner.java:397)
	at org.testng.SuiteRunner.run(SuiteRunner.java:336)
	at org.testng.SuiteRunnerWorker.runSuite(SuiteRunnerWorker.java:52)
	at org.testng.SuiteRunnerWorker.run(SuiteRunnerWorker.java:95)
	at org.testng.TestNG.runSuitesSequentially(TestNG.java:1280)
	at org.testng.TestNG.runSuitesLocally(TestNG.java:1200)
	at org.testng.TestNG.runSuites(TestNG.java:1114)
	at org.testng.TestNG.run(TestNG.java:1082)
	at org.testng.remote.AbstractRemoteTestNG.run(AbstractRemoteTestNG.java:115)
	at org.testng.remote.RemoteTestNG.initAndRun(RemoteTestNG.java:251)
	at org.testng.remote.RemoteTestNG.main(RemoteTestNG.java:77)
</pre></div></td>
<td>83</td>
<td>smoke_suite.ALC_4350@1ef6d34c</td></tr>
</table><p>
<table width='100%' border='1' class='invocation-passed'>
<tr><td colspan='4' align='center'><b>PASSED TESTS</b></td></tr>
<tr><td><b>Test method</b></td>
<td><b>Attribute(s)</b></td>
<td width="30%"><b>Exception</b></td>
<td width="10%"><b>Time (seconds)</b></td>
<td><b>Instance</b></td>
</tr>
<tr>
<td title='smoke_suite.ALC_1711.createAndPerformTransaction()'><b>createAndPerformTransaction</b><br>Test class: smoke_suite.ALC_1711<br>Test method: Create Data and do Transaction with delayed Bonus</td>
<td></td>
<td>49</td>
<td>smoke_suite.ALC_1711@3e2059ae</td></tr>
<tr>
<td title='smoke_suite.ALC_4350.loginBranchMemberPB()'><b>loginBranchMemberPB</b><br>Test class: smoke_suite.ALC_4350<br>Test method: User should see the updated data</td>
<td></td>
<td>60</td>
<td>smoke_suite.ALC_4350@1ef6d34c</td></tr>
<tr>
<td title='smoke_suite.ALC_4357.Branch3_Processor_Transaction()'><b>Branch3_Processor_Transaction</b><br>Test class: smoke_suite.ALC_4357<br>Test method: Do Transaction between Branch 3 and Processor and Verify Bonus and Kg Transferred</td>
<td></td>
<td>190</td>
<td>smoke_suite.ALC_4357@11bb571c</td></tr>
<tr>
<td title='smoke_suite.ALC_347.reclaim_tokens_on_alchemy()'><b>reclaim_tokens_on_alchemy</b><br>Test class: smoke_suite.ALC_347<br>Test method: Reclaim 1000 tokens from the member on alchemy.</td>
<td></td>
<td>2</td>
<td>smoke_suite.ALC_347@275bf9b3</td></tr>
<tr>
<td title='smoke_suite.ALC_4350.signUp()'><b>signUp</b><br>Test class: smoke_suite.ALC_4350<br>Test method: New member account should be successfully created | New member should be successfully logged in</td>
<td></td>
<td>284</td>
<td>smoke_suite.ALC_4350@1ef6d34c</td></tr>
<tr>
<td title='smoke_suite.ALC_4355.createBonus()'><b>createBonus</b><br>Test class: smoke_suite.ALC_4355<br>Test method: User is able to create a bonus and save it.</td>
<td></td>
<td>54</td>
<td>smoke_suite.ALC_4355@46271dd6</td></tr>
<tr>
<td title='smoke_suite.ALC_4995.verifytokensnotinapp()'><b>verifytokensnotinapp</b><br>Test class: smoke_suite.ALC_4995<br>Test method: Verify reclaimed tokens are not present in the processor account wallet in app.</td>
<td></td>
<td>67</td>
<td>smoke_suite.ALC_4995@2a225dd7</td></tr>
<tr>
<td title='smoke_suite.ALC_1711.verifyBonusInAlchmeyAfterBonusPaid()'><b>verifyBonusInAlchmeyAfterBonusPaid</b><br>Test class: smoke_suite.ALC_1711<br>Test method:  Member should get the correct bonus in Alchemy | Branch 1 & 2 should get the correct bonus in Alchemy </td>
<td></td>
<td>28</td>
<td>smoke_suite.ALC_1711@3e2059ae</td></tr>
<tr>
<td title='smoke_suite.ALC_1711.dashBoardVerificationsBeforeVoid()'><b>dashBoardVerificationsBeforeVoid</b><br>Test class: smoke_suite.ALC_1711<br>Test method: Verify Kg By Country and Kg In Philippines Before Void</td>
<td></td>
<td>48</td>
<td>smoke_suite.ALC_1711@3e2059ae</td></tr>
<tr>
<td title='smoke_suite.ALC_4358.transaction_SplitBranch_NormalBranch()'><b>transaction_SplitBranch_NormalBranch</b><br>Test class: smoke_suite.ALC_4358<br>Test method: Do Transaction between Split Branch and regular Branch and Verify Bonus and Kg Transferred</td>
<td></td>
<td>105</td>
<td>smoke_suite.ALC_4358@58594a11</td></tr>
<tr>
<td title='smoke_suite.ALC_4357.Verify_Bonus_Processor()'><b>Verify_Bonus_Processor</b><br>Test class: smoke_suite.ALC_4357<br>Test method: Verify details of transaction from Processor and validate all gets approved in processor Exchange History.</td>
<td></td>
<td>32</td>
<td>smoke_suite.ALC_4357@11bb571c</td></tr>
<tr>
<td title='smoke_suite.ALC_4350.loginAlchmey()'><b>loginAlchmey</b><br>Test class: smoke_suite.ALC_4350<br>Test method: Login on alchemy with admin user</td>
<td></td>
<td>12</td>
<td>smoke_suite.ALC_4350@1ef6d34c</td></tr>
<tr>
<td title='smoke_suite.ALC_347.verify_tokens_present_in_app()'><b>verify_tokens_present_in_app</b><br>Test class: smoke_suite.ALC_347<br>Test method: Login into app and verify the presence of tokens in the member wallet in app</td>
<td></td>
<td>50</td>
<td>smoke_suite.ALC_347@275bf9b3</td></tr>
<tr>
<td title='smoke_suite.ALC_1711.branchExchangeHistoryBonus()'><b>branchExchangeHistoryBonus</b><br>Test class: smoke_suite.ALC_1711<br>Test method: Associated bonus from branch exchange history and processor exchange history will be removed for transactions</td>
<td></td>
<td>66</td>
<td>smoke_suite.ALC_1711@3e2059ae</td></tr>
<tr>
<td title='smoke_suite.ALC_4357.Branch2_Processor_Transaction()'><b>Branch2_Processor_Transaction</b><br>Test class: smoke_suite.ALC_4357<br>Test method: Do Transaction between Branch 2 and Processor and Verify Bonus and Kg Transferred</td>
<td></td>
<td>174</td>
<td>smoke_suite.ALC_4357@11bb571c</td></tr>
<tr>
<td title='smoke_suite.ALC_4357.VerifyBonusOrderBranchValueAssertions()'><b>VerifyBonusOrderBranchValueAssertions</b><br>Test class: smoke_suite.ALC_4357<br>Test method: Verify in Bonus Approval and Assert 1.'Total Bonus'/'Needing Approval' | 2. Assert 'Audit Trail' under which it will Assert all the values in 'Buy/Sell Transactions' of all the Branches and Processor</td>
<td></td>
<td>80</td>
<td>smoke_suite.ALC_4357@11bb571c</td></tr>
<tr>
<td title='smoke_suite.ALC_4956.changepassword()'><b>changepassword</b><br>Test class: smoke_suite.ALC_4956<br>Test method: Login with newly created member and change password in settings.</td>
<td></td>
<td>56</td>
<td>smoke_suite.ALC_4956@7c51f34b</td></tr>
<tr>
<td title='smoke_suite.ALC_3609.preconditions()'><b>preconditions</b><br>Test class: smoke_suite.ALC_3609<br>Test method: Ensure that GCash is turned on in country settings for Philippines and a valid Philippines branch account linked to gcash having tokens in wallet exists.</td>
<td></td>
<td>52</td>
<td>smoke_suite.ALC_3609@4fbe37eb</td></tr>
<tr>
<td title='smoke_suite.ALC_4350.branchSuspendMemberVerification()'><b>branchSuspendMemberVerification</b><br>Test class: smoke_suite.ALC_4350<br>Test method: Suspended member should not appear in the search</td>
<td></td>
<td>56</td>
<td>smoke_suite.ALC_4350@1ef6d34c</td></tr>
<tr>
<td title='smoke_suite.ALC_348.verifytokensnotinapp()'><b>verifytokensnotinapp</b><br>Test class: smoke_suite.ALC_348<br>Test method: Verify reclaimed tokens are not present in the branch account wallet in app.</td>
<td></td>
<td>60</td>
<td>smoke_suite.ALC_348@1b8a29df</td></tr>
<tr>
<td title='smoke_suite.ALC_3609.gojekTransaction()'><b>gojekTransaction</b><br>Test class: smoke_suite.ALC_3609<br>Test method: Login with existing account and perform GCash Transaction.</td>
<td></td>
<td>44</td>
<td>smoke_suite.ALC_3609@4fbe37eb</td></tr>
<tr>
<td title='smoke_suite.ALC_4357.Plastic_Chain_Before_Approval()'><b>Plastic_Chain_Before_Approval</b><br>Test class: smoke_suite.ALC_4357<br>Test method: Check for plastic chain in the Bonus Order.Verify if it is all in Orange Color as they are pending. Also check Chain is in correct Order</td>
<td></td>
<td>40</td>
<td>smoke_suite.ALC_4357@11bb571c</td></tr>
<tr>
<td title='smoke_suite.ALC_348.createbranch()'><b>createbranch</b><br>Test class: smoke_suite.ALC_348<br>Test method: Create a branch.</td>
<td></td>
<td>10</td>
<td>smoke_suite.ALC_348@1b8a29df</td></tr>
<tr>
<td title='smoke_suite.ALC_4357.VerifyBonusOrderRecieptBranchAssertions()'><b>VerifyBonusOrderRecieptBranchAssertions</b><br>Test class: smoke_suite.ALC_4357<br>Test method: In Bonus Approval Check for receipts | qty bonus values from Audit trail | Verify Total Weight/ Bonus in Bonus Approval Page</td>
<td></td>
<td>179</td>
<td>smoke_suite.ALC_4357@11bb571c</td></tr>
<tr>
<td title='smoke_suite.ALC_3609.verifyTokensInAlchemy()'><b>verifyTokensInAlchemy</b><br>Test class: smoke_suite.ALC_3609<br>Test method: Based on the tokens cashed out, Verify Tokens are deducted from Branch's wallet in ALCHEMY</td>
<td></td>
<td>49</td>
<td>smoke_suite.ALC_3609@4fbe37eb</td></tr>
<tr>
<td title='smoke_suite.ALC_4357.Branch1_Branch3_Transaction()'><b>Branch1_Branch3_Transaction</b><br>Test class: smoke_suite.ALC_4357<br>Test method: Do Transaction between Branch 1 and Branch 3 and Verify Bonus and Kg Transferred</td>
<td></td>
<td>173</td>
<td>smoke_suite.ALC_4357@11bb571c</td></tr>
<tr>
<td title='smoke_suite.ALC_4350.createBranchAndMember()'><b>createBranchAndMember</b><br>Test class: smoke_suite.ALC_4350<br>Test method: -New member can be successfully created in app | -New member account is searchable in Alchemy under the 'Members' section</td>
<td></td>
<td>239</td>
<td>smoke_suite.ALC_4350@1ef6d34c</td></tr>
<tr>
<td title='smoke_suite.ALC_1711.bonusOrderExcHisVerificationBeforeVoid()'><b>bonusOrderExcHisVerificationBeforeVoid</b><br>Test class: smoke_suite.ALC_1711<br>Test method: Bonus Order's Exchange history | BUY/SELL transaction from Bonus order approval screen before Void</td>
<td></td>
<td>53</td>
<td>smoke_suite.ALC_1711@3e2059ae</td></tr>
<tr>
<td title='smoke_suite.ALC_3710.preconditions()'><b>preconditions</b><br>Test class: smoke_suite.ALC_3710<br>Test method: Ensure that Gojek is turned on in country settings for Indonesia and a valid Indonessian account linked to gojek having tokens in wallet exists.</td>
<td></td>
<td>47</td>
<td>smoke_suite.ALC_3710@12a94400</td></tr>
<tr>
<td title='smoke_suite.ALC_1711.bonusProgressInSummaryTabAfterVoid()'><b>bonusProgressInSummaryTabAfterVoid</b><br>Test class: smoke_suite.ALC_1711<br>Test method:  KG from voided transaction is deducted in Bonus Progress under the Bonus Order Summary tab.</td>
<td></td>
<td>23</td>
<td>smoke_suite.ALC_1711@3e2059ae</td></tr>
<tr>
<td title='smoke_suite.ALC_4957.createtransaction()'><b>createtransaction</b><br>Test class: smoke_suite.ALC_4957<br>Test method: Create a member to branch transaction and approve it's bonus.</td>
<td></td>
<td>12</td>
<td>smoke_suite.ALC_4957@5495333e</td></tr>
<tr>
<td title='smoke_suite.ALC_1711.verifyBonusInAppAfterBonusPaid()'><b>verifyBonusInAppAfterBonusPaid</b><br>Test class: smoke_suite.ALC_1711<br>Test method:  Member should get the correct bonus in App | Branch 1 & 2 should get the correct bonus in App</td>
<td></td>
<td>178</td>
<td>smoke_suite.ALC_1711@3e2059ae</td></tr>
<tr>
<td title='smoke_suite.ALC_4357.BonusTransferedCheck()'><b>BonusTransferedCheck</b><br>Test class: smoke_suite.ALC_4357<br>Test method: Check for transferred label in All the Branch exchange history.</td>
<td></td>
<td>165</td>
<td>smoke_suite.ALC_4357@11bb571c</td></tr>
<tr>
<td title='smoke_suite.ALC_1711.approveBonus()'><b>approveBonus</b><br>Test class: smoke_suite.ALC_1711<br>Test method: Approve Bonus For member and Branches</td>
<td></td>
<td>47</td>
<td>smoke_suite.ALC_1711@3e2059ae</td></tr>
<tr>
<td title='smoke_suite.ALC_1711.kgRecycledAndBonusInBranchExcHistoryBeforeVoid()'><b>kgRecycledAndBonusInBranchExcHistoryBeforeVoid</b><br>Test class: smoke_suite.ALC_1711<br>Test method: Verify KG Recycled in Branch | Bonus Exchange History In Branch And Processor Before Bonus Pay</td>
<td></td>
<td>126</td>
<td>smoke_suite.ALC_1711@3e2059ae</td></tr>
<tr>
<td title='smoke_suite.ALC_347.create_a_member_with_tokens()'><b>create_a_member_with_tokens</b><br>Test class: smoke_suite.ALC_347<br>Test method: Create a member on alchemy and give 1000 tokens into it's wallet</td>
<td></td>
<td>43</td>
<td>smoke_suite.ALC_347@275bf9b3</td></tr>
<tr>
<td title='smoke_suite.ALC_348.reclaimtokens()'><b>reclaimtokens</b><br>Test class: smoke_suite.ALC_348<br>Test method: Reclaim the 1000 tokens from branch account on alchemy.</td>
<td></td>
<td>4</td>
<td>smoke_suite.ALC_348@1b8a29df</td></tr>
<tr>
<td title='smoke_suite.ALC_4355.editbonus()'><b>editbonus</b><br>Test class: smoke_suite.ALC_4355<br>Test method: User is able to edit a bonus detail and save it.</td>
<td></td>
<td>4</td>
<td>smoke_suite.ALC_4355@46271dd6</td></tr>
<tr>
<td title='smoke_suite.ALC_4956.loginWithNewPassword()'><b>loginWithNewPassword</b><br>Test class: smoke_suite.ALC_4956<br>Test method: Login with new password</td>
<td></td>
<td>42</td>
<td>smoke_suite.ALC_4956@7c51f34b</td></tr>
<tr>
<td title='smoke_suite.ALC_4995.createstore()'><b>createstore</b><br>Test class: smoke_suite.ALC_4995<br>Test method: Create a processor.</td>
<td></td>
<td>6</td>
<td>smoke_suite.ALC_4995@2a225dd7</td></tr>
<tr>
<td title='smoke_suite.ALC_1711.ExcHisBonusVerificationBeforeVoid()'><b>ExcHisBonusVerificationBeforeVoid</b><br>Test class: smoke_suite.ALC_1711<br>Test method: Check member exchange history | Associated bonus from branch and Processor exchange history</td>
<td></td>
<td>81</td>
<td>smoke_suite.ALC_1711@3e2059ae</td></tr>
<tr>
<td title='smoke_suite.ALC_4357.Verify_Bonus_Branch3()'><b>Verify_Bonus_Branch3</b><br>Test class: smoke_suite.ALC_4357<br>Test method: Assert Branch Tags Values in Summary in Branch3. | Check approve transaction from Branch 3. | Toggle all required, Verify Vallues and validate all gets approved.</td>
<td></td>
<td>75</td>
<td>smoke_suite.ALC_4357@11bb571c</td></tr>
<tr>
<td title='smoke_suite.ALC_4358.createNonSplitBranchAndProcessor()'><b>createNonSplitBranchAndProcessor</b><br>Test class: smoke_suite.ALC_4358<br>Test method: Create Non Split Branch and a Processor</td>
<td></td>
<td>18</td>
<td>smoke_suite.ALC_4358@58594a11</td></tr>
<tr>
<td title='smoke_suite.ALC_348.verifytokensinapp()'><b>verifytokensinapp</b><br>Test class: smoke_suite.ALC_348<br>Test method: Verify newly transfered tokens are visble in the branch account wallet in app.</td>
<td></td>
<td>57</td>
<td>smoke_suite.ALC_348@1b8a29df</td></tr>
<tr>
<td title='smoke_suite.ALC_4357.Plastic_Chain_After_Approval()'><b>Plastic_Chain_After_Approval</b><br>Test class: smoke_suite.ALC_4357<br>Test method: Verified Check chain turned to green and is in order.</td>
<td></td>
<td>45</td>
<td>smoke_suite.ALC_4357@11bb571c</td></tr>
<tr>
<td title='smoke_suite.ALC_4995.reclaimtokens()'><b>reclaimtokens</b><br>Test class: smoke_suite.ALC_4995<br>Test method: Reclaim the 1000 tokens from store account on alchemy.</td>
<td></td>
<td>2</td>
<td>smoke_suite.ALC_4995@2a225dd7</td></tr>
<tr>
<td title='smoke_suite.ALC_1711.dashBoardVerificationsAfterVoid()'><b>dashBoardVerificationsAfterVoid</b><br>Test class: smoke_suite.ALC_1711<br>Test method:  Verify total KG and KG by Country for the specific country will be deducted based on the voided KG in Dashboard ie. 19 KG </td>
<td></td>
<td>81</td>
<td>smoke_suite.ALC_1711@3e2059ae</td></tr>
<tr>
<td title='smoke_suite.ALC_258.checkalchemy()'><b>checkalchemy</b><br>Test class: smoke_suite.ALC_258<br>Test method: Go the branch and take note of branch details:- 1) KG recycled, 2) Active members, 3) Members Registered and 4) Tokens in wallet.</td>
<td></td>
<td>30</td>
<td>smoke_suite.ALC_258@398dada8</td></tr>
<tr>
<td title='smoke_suite.ALC_1711.verifyBonusInAppAfterReclaimToken()'><b>verifyBonusInAppAfterReclaimToken</b><br>Test class: smoke_suite.ALC_1711<br>Test method:  Verify Bonus will be reclaimed from APP member profile and In Branch 1 & 2 Profile </td>
<td></td>
<td>177</td>
<td>smoke_suite.ALC_1711@3e2059ae</td></tr>
<tr>
<td title='smoke_suite.ALC_1711.kgRecycledInBranchAfterVoid()'><b>kgRecycledInBranchAfterVoid</b><br>Test class: smoke_suite.ALC_1711<br>Test method: Verify Kg recycled in Branch 1 & 2 | Verify Associated bonus from branch 1 & 2 exchange history </td>
<td></td>
<td>117</td>
<td>smoke_suite.ALC_1711@3e2059ae</td></tr>
<tr>
<td title='smoke_suite.ALC_4358.createSplitBranchAndAddMember()'><b>createSplitBranchAndAddMember</b><br>Test class: smoke_suite.ALC_4358<br>Test method: -New member can be successfully created in app | -New member account is searchable in Alchemy under the 'Members' section</td>
<td></td>
<td>482</td>
<td>smoke_suite.ALC_4358@58594a11</td></tr>
<tr>
<td title='smoke_suite.ALC_3710.gojekTransaction()'><b>gojekTransaction</b><br>Test class: smoke_suite.ALC_3710<br>Test method: Login with existing account and perform Gojek Transaction.</td>
<td></td>
<td>127</td>
<td>smoke_suite.ALC_3710@12a94400</td></tr>
<tr>
<td title='smoke_suite.ALC_4357.member_Branch1_Transaction_KG_Bonus_Alchmey_Assertion()'><b>member_Branch1_Transaction_KG_Bonus_Alchmey_Assertion</b><br>Test class: smoke_suite.ALC_4357<br>Test method: 1.Check Branch Details if KG Recycled, Members Registered and Active members count are correct. | 2. In branch 1 exchange history, check, Member photo, material name, material amount, money amount , total and bonus amount and associated bonus name. | 3.Check in Bonus search Area, KG promised KG delivered, and pending KG. | 4.Check HDPE and PET KG count in Bonus Summary. Also check bonus progress values. | 5. Check if the start bonus is there for the first branch in  Bonus Approval and Assert Total Bonus/Needing Approval</td>
<td></td>
<td>97</td>
<td>smoke_suite.ALC_4357@11bb571c</td></tr>
<tr>
<td title='smoke_suite.ALC_4357.member_Branch1_Transaction_KG_Bonus_App_Assertion()'><b>member_Branch1_Transaction_KG_Bonus_App_Assertion</b><br>Test class: smoke_suite.ALC_4357<br>Test method: Verify that the correct KG and bonus values are showing in before transaction completion screen in mobile app | verify  the correct KG, bonus and amount value in Confirm Exchange Page | Verify in Branch 1 that there is no bonus recorded under Exchange </td>
<td></td>
<td>276</td>
<td>smoke_suite.ALC_4357@11bb571c</td></tr>
<tr>
<td title='smoke_suite.ALC_4348.verifyUserCanAfter3Min()'><b>verifyUserCanAfter3Min</b><br>Test class: smoke_suite.ALC_4348<br>Test method: User able to sign up again if he tries after 3 minute window.</td>
<td></td>
<td>305</td>
<td>smoke_suite.ALC_4348@6a47b187</td></tr>
<tr>
<td title='smoke_suite.ALC_1711.reclaimToken()'><b>reclaimToken</b><br>Test class: smoke_suite.ALC_1711<br>Test method: Reclaim the Token</td>
<td></td>
<td>15</td>
<td>smoke_suite.ALC_1711@3e2059ae</td></tr>
<tr>
<td title='smoke_suite.ALC_4357.Verify_Bonus_Branch2()'><b>Verify_Bonus_Branch2</b><br>Test class: smoke_suite.ALC_4357<br>Test method: Assert Branch Tags Values in Summary in Branch2 | .Check approve transaction from Branch 2. | Toggle all required, Verify Values and validate all gets approved.</td>
<td></td>
<td>85</td>
<td>smoke_suite.ALC_4357@11bb571c</td></tr>
<tr>
<td title='smoke_suite.ALC_347.verify_tokens_not_present_in_app()'><b>verify_tokens_not_present_in_app</b><br>Test class: smoke_suite.ALC_347<br>Test method: Verify the absence of tokens in member wallet in app.</td>
<td></td>
<td>60</td>
<td>smoke_suite.ALC_347@275bf9b3</td></tr>
<tr>
<td title='smoke_suite.ALC_1711.voidTransaction()'><b>voidTransaction</b><br>Test class: smoke_suite.ALC_1711<br>Test method: Void Transaction</td>
<td></td>
<td>13</td>
<td>smoke_suite.ALC_1711@3e2059ae</td></tr>
<tr>
<td title='smoke_suite.ALC_4357.Verify_Bonus_Branch1()'><b>Verify_Bonus_Branch1</b><br>Test class: smoke_suite.ALC_4357<br>Test method: Assert Branch Tags Values in Summary in Branch1. | Check approve transaction from Branch 1. | Toggle all required, Verify Values and validate all gets approved.</td>
<td></td>
<td>128</td>
<td>smoke_suite.ALC_4357@11bb571c</td></tr>
<tr>
<td title='smoke_suite.ALC_4995.sendtokenstobranch()'><b>sendtokenstobranch</b><br>Test class: smoke_suite.ALC_4995<br>Test method: Send 1000 tokens to the newly created processor</td>
<td></td>
<td>23</td>
<td>smoke_suite.ALC_4995@2a225dd7</td></tr>
<tr>
<td title='smoke_suite.ALC_1711.bonusExchangeHistoryTransaction()'><b>bonusExchangeHistoryTransaction</b><br>Test class: smoke_suite.ALC_1711<br>Test method: In Bonus Order's Exchange history, following transactions :  branch 1 -> branch 2 transaction and branch2  to Processor transactions is also automatically removed </td>
<td></td>
<td>14</td>
<td>smoke_suite.ALC_1711@3e2059ae</td></tr>
<tr>
<td title='smoke_suite.ALC_258.createdata()'><b>createdata</b><br>Test class: smoke_suite.ALC_258<br>Test method: Create a member, branch, processor and a bonus with the same branch and processor</td>
<td></td>
<td>27</td>
<td>smoke_suite.ALC_258@398dada8</td></tr>
<tr>
<td title='smoke_suite.ALC_4348.verifyUserCanNot()'><b>verifyUserCanNot</b><br>Test class: smoke_suite.ALC_4348<br>Test method: User not able to sign up if he tries to sign up within 3 minutes of first sign up.</td>
<td></td>
<td>270</td>
<td>smoke_suite.ALC_4348@6a47b187</td></tr>
<tr>
<td title='smoke_suite.ALC_4349.verifypasswordcriteria()'><b>verifypasswordcriteria</b><br>Test class: smoke_suite.ALC_4349<br>Test method: Password criteria displayed if not met by user.</td>
<td></td>
<td>48</td>
<td>smoke_suite.ALC_4349@2049a9c1</td></tr>
<tr>
<td title='smoke_suite.ALC_1711.verifyBonusInAlchmeyAfterReclaimToken()'><b>verifyBonusInAlchmeyAfterReclaimToken</b><br>Test class: smoke_suite.ALC_1711<br>Test method: Verify Bonus will be reclaimed from Alchemy member profile and In Branch 1 & 2 Profile </td>
<td></td>
<td>29</td>
<td>smoke_suite.ALC_1711@3e2059ae</td></tr>
<tr>
<td title='smoke_suite.ALC_3710.checkforunverifiednum()'><b>checkforunverifiednum</b><br>Test class: smoke_suite.ALC_3710<br>Test method: Unverified member should not be able to perform gojek transaction and get error message.</td>
<td></td>
<td>85</td>
<td>smoke_suite.ALC_3710@12a94400</td></tr>
<tr>
<td title='smoke_suite.ALC_4357.Branch1_Branch2_Transaction_App_Assertions()'><b>Branch1_Branch2_Transaction_App_Assertions</b><br>Test class: smoke_suite.ALC_4357<br>Test method: Do Transaction between Branch 1 and Branch 2 and Verify Bonus and Kg Transferred</td>
<td></td>
<td>180</td>
<td>smoke_suite.ALC_4357@11bb571c</td></tr>
<tr>
<td title='smoke_suite.ALC_4358.transactionProcessorBranch()'><b>transactionProcessorBranch</b><br>Test class: smoke_suite.ALC_4358<br>Test method: Do Transaction between Regular Branch and Processor</td>
<td></td>
<td>106</td>
<td>smoke_suite.ALC_4358@58594a11</td></tr>
<tr>
<td title='smoke_suite.ALC_3609.verifyTokensInApp()'><b>verifyTokensInApp</b><br>Test class: smoke_suite.ALC_3609<br>Test method: Based on the tokens cashed out, Verify Tokens are deducted from Branch's wallet in APP</td>
<td></td>
<td>43</td>
<td>smoke_suite.ALC_3609@4fbe37eb</td></tr>
<tr>
<td title='smoke_suite.ALC_1711.bonusOrderExcHisVerificationAfterVoid()'><b>bonusOrderExcHisVerificationAfterVoid</b><br>Test class: smoke_suite.ALC_1711<br>Test method: In Bonus Order's Exchange history, transaction will be removed </td>
<td></td>
<td>45</td>
<td>smoke_suite.ALC_1711@3e2059ae</td></tr>
<tr>
<td title='smoke_suite.ALC_4358.disableBranchInApp()'><b>disableBranchInApp</b><br>Test class: smoke_suite.ALC_4358<br>Test method: Disable one Branch in App</td>
<td></td>
<td>72</td>
<td>smoke_suite.ALC_4358@58594a11</td></tr>
<tr>
<td title='smoke_suite.ALC_258.verifytransactions()'><b>verifytransactions</b><br>Test class: smoke_suite.ALC_258<br>Test method: Go to branch and processor one by one to check transaction details.</td>
<td></td>
<td>63</td>
<td>smoke_suite.ALC_258@398dada8</td></tr>
<tr>
<td title='smoke_suite.ALC_4956.createmember()'><b>createmember</b><br>Test class: smoke_suite.ALC_4956<br>Test method: Create a valid member.</td>
<td></td>
<td>6</td>
<td>smoke_suite.ALC_4956@7c51f34b</td></tr>
<tr>
<td title='smoke_suite.ALC_4995.verifytokensinapp()'><b>verifytokensinapp</b><br>Test class: smoke_suite.ALC_4995<br>Test method: Verify newly transfered tokens are visble in the processor account wallet in app.</td>
<td></td>
<td>58</td>
<td>smoke_suite.ALC_4995@2a225dd7</td></tr>
<tr>
<td title='smoke_suite.ALC_348.sendtokenstobranch()'><b>sendtokenstobranch</b><br>Test class: smoke_suite.ALC_348<br>Test method: Send 1000 tokens to the newly created branch</td>
<td></td>
<td>33</td>
<td>smoke_suite.ALC_348@1b8a29df</td></tr>
<tr>
<td title='smoke_suite.ALC_4357.checkBonusTransferedInApp()'><b>checkBonusTransferedInApp</b><br>Test class: smoke_suite.ALC_4357<br>Test method: Check bonus amount is accurate in Plastic Bank App for member and Branch 1,2,3 </td>
<td></td>
<td>252</td>
<td>smoke_suite.ALC_4357@11bb571c</td></tr>
<tr>
<td title='smoke_suite.ALC_258.dotransactions()'><b>dotransactions</b><br>Test class: smoke_suite.ALC_258<br>Test method: Login into branch and buy materials from member</td>
<td></td>
<td>191</td>
<td>smoke_suite.ALC_258@398dada8</td></tr>
<tr>
<td title='smoke_suite.ALC_258.selltoprocessor()'><b>selltoprocessor</b><br>Test class: smoke_suite.ALC_258<br>Test method: Sell material 1 to processor with receipt and material 2 to processor without receipt.</td>
<td></td>
<td>167</td>
<td>smoke_suite.ALC_258@398dada8</td></tr>
</table><p>
</body>
</html>