{"uuid":"19ac398e-eb7d-456b-b05f-eea0a8b76b57","historyId":"c611c74cec9f63c7727cf6a5af58c6d5","fullName":"smoke_suite.ALC_258.dotransactions","labels":[{"name":"package","value":"smoke_suite.ALC_258"},{"name":"testClass","value":"smoke_suite.ALC_258"},{"name":"testMethod","value":"dotransactions"},{"name":"parentSuite","value":"Suite"},{"name":"suite","value":"Test"},{"name":"subSuite","value":"smoke_suite.ALC_258"},{"name":"host","value":"DESKTOP-73VT5SL"},{"name":"thread","value":"12424@DESKTOP-73VT5SL.TestNG-test=Test-1(23)"},{"name":"framework","value":"testng"},{"name":"language","value":"java"}],"links":[],"name":"Login into branch and buy materials from member","status":"skipped","statusDetails":{"known":false,"muted":false,"flaky":false,"message":"Could not start a new session. Possible causes are invalid address of the remote server or browser start-up failure. \nHost info: host: 'DESKTOP-73VT5SL', ip: '192.168.1.15'\nBuild info: version: '4.13.0', revision: 'ba948ece5b*'\nSystem info: os.name: 'Windows 11', os.arch: 'amd64', os.version: '10.0', java.version: '17.0.6'\nDriver info: org.openqa.selenium.remote.RemoteWebDriver\nCommand: [null, newSession {capabilities=[Capabilities {LT:Options: {accessKey: MWAa6go8FynMFZt5GYZyeKtSycf..., build: Alchemy tests QA2024-06-27 ..., idleTimeout: 1700, name: ALC_258, project: Plastic Bank, selenium_version: 4.13.0, username: ashish.rawatfleekitsolutions, w3c: true}, browserName: chrome, browserVersion: 125, goog:chromeOptions: {args: [--remote-allow-origins=*], extensions: []}, platformName: Windows 10}]}]\nCapabilities {LT:Options: {accessKey: MWAa6go8FynMFZt5GYZyeKtSycf..., build: Alchemy tests QA2024-06-27 ..., idleTimeout: 1700, name: ALC_258, project: Plastic Bank, selenium_version: 4.13.0, username: ashish.rawatfleekitsolutions, w3c: true}, browserName: chrome, browserVersion: 125, goog:chromeOptions: {args: [--remote-allow-origins=*], extensions: []}, platformName: Windows 10}","trace":"org.openqa.selenium.SessionNotCreatedException: Could not start a new session. Possible causes are invalid address of the remote server or browser start-up failure. \nHost info: host: 'DESKTOP-73VT5SL', ip: '192.168.1.15'\nBuild info: version: '4.13.0', revision: 'ba948ece5b*'\nSystem info: os.name: 'Windows 11', os.arch: 'amd64', os.version: '10.0', java.version: '17.0.6'\nDriver info: org.openqa.selenium.remote.RemoteWebDriver\nCommand: [null, newSession {capabilities=[Capabilities {LT:Options: {accessKey: MWAa6go8FynMFZt5GYZyeKtSycf..., build: Alchemy tests QA2024-06-27 ..., idleTimeout: 1700, name: ALC_258, project: Plastic Bank, selenium_version: 4.13.0, username: ashish.rawatfleekitsolutions, w3c: true}, browserName: chrome, browserVersion: 125, goog:chromeOptions: {args: [--remote-allow-origins=*], extensions: []}, platformName: Windows 10}]}]\nCapabilities {LT:Options: {accessKey: MWAa6go8FynMFZt5GYZyeKtSycf..., build: Alchemy tests QA2024-06-27 ..., idleTimeout: 1700, name: ALC_258, project: Plastic Bank, selenium_version: 4.13.0, username: ashish.rawatfleekitsolutions, w3c: true}, browserName: chrome, browserVersion: 125, goog:chromeOptions: {args: [--remote-allow-origins=*], extensions: []}, platformName: Windows 10}\r\n\tat org.openqa.selenium.remote.RemoteWebDriver.execute(RemoteWebDriver.java:620)\r\n\tat org.openqa.selenium.remote.RemoteWebDriver.startSession(RemoteWebDriver.java:236)\r\n\tat org.openqa.selenium.remote.RemoteWebDriver.<init>(RemoteWebDriver.java:163)\r\n\tat org.openqa.selenium.remote.RemoteWebDriver.<init>(RemoteWebDriver.java:143)\r\n\tat Utilities.BaseClass.setup(BaseClass.java:186)\r\n\tat java.base/jdk.internal.reflect.NativeMethodAccessorImpl.invoke0(Native Method)\r\n\tat java.base/jdk.internal.reflect.NativeMethodAccessorImpl.invoke(NativeMethodAccessorImpl.java:77)\r\n\tat java.base/jdk.internal.reflect.DelegatingMethodAccessorImpl.invoke(DelegatingMethodAccessorImpl.java:43)\r\n\tat java.base/java.lang.reflect.Method.invoke(Method.java:568)\r\n\tat org.testng.internal.invokers.MethodInvocationHelper.invokeMethod(MethodInvocationHelper.java:139)\r\n\tat org.testng.internal.invokers.MethodInvocationHelper.invokeMethodConsideringTimeout(MethodInvocationHelper.java:69)\r\n\tat org.testng.internal.invokers.ConfigInvoker.invokeConfigurationMethod(ConfigInvoker.java:390)\r\n\tat org.testng.internal.invokers.ConfigInvoker.invokeConfigurations(ConfigInvoker.java:325)\r\n\tat org.testng.internal.invokers.TestMethodWorker.invokeBeforeClassMethods(TestMethodWorker.java:180)\r\n\tat org.testng.internal.invokers.TestMethodWorker.run(TestMethodWorker.java:122)\r\n\tat java.base/java.util.concurrent.ThreadPoolExecutor.runWorker(ThreadPoolExecutor.java:1136)\r\n\tat java.base/java.util.concurrent.ThreadPoolExecutor$Worker.run(ThreadPoolExecutor.java:635)\r\n\tat java.base/java.lang.Thread.run(Thread.java:833)\r\nCaused by: java.lang.RuntimeException: NettyHttpHandler request execution error\r\n\tat org.openqa.selenium.remote.http.netty.NettyHttpHandler.makeCall(NettyHttpHandler.java:76)\r\n\tat org.openqa.selenium.remote.http.AddSeleniumUserAgent.lambda$apply$0(AddSeleniumUserAgent.java:42)\r\n\tat org.openqa.selenium.remote.http.Filter.lambda$andFinally$1(Filter.java:55)\r\n\tat org.openqa.selenium.remote.http.netty.NettyHttpHandler.execute(NettyHttpHandler.java:48)\r\n\tat org.openqa.selenium.remote.http.netty.NettyClient.execute(NettyClient.java:96)\r\n\tat org.openqa.selenium.remote.tracing.TracedHttpClient.execute(TracedHttpClient.java:54)\r\n\tat org.openqa.selenium.remote.ProtocolHandshake.createSession(ProtocolHandshake.java:115)\r\n\tat org.openqa.selenium.remote.ProtocolHandshake.createSession(ProtocolHandshake.java:96)\r\n\tat org.openqa.selenium.remote.ProtocolHandshake.createSession(ProtocolHandshake.java:68)\r\n\tat org.openqa.selenium.remote.HttpCommandExecutor.execute(HttpCommandExecutor.java:163)\r\n\tat org.openqa.selenium.remote.TracedCommandExecutor.execute(TracedCommandExecutor.java:51)\r\n\tat org.openqa.selenium.remote.RemoteWebDriver.execute(RemoteWebDriver.java:602)\r\n\t... 17 more\r\nCaused by: java.util.concurrent.ExecutionException: java.util.concurrent.TimeoutException: Request timeout to hub.lambdatest.com/65.0.196.161:443 after 180000 ms\r\n\tat java.base/java.util.concurrent.CompletableFuture.reportGet(CompletableFuture.java:396)\r\n\tat java.base/java.util.concurrent.CompletableFuture.get(CompletableFuture.java:2096)\r\n\tat org.asynchttpclient.netty.NettyResponseFuture.get(NettyResponseFuture.java:206)\r\n\tat org.openqa.selenium.remote.http.netty.NettyHttpHandler.makeCall(NettyHttpHandler.java:59)\r\n\t... 28 more\r\nCaused by: java.util.concurrent.TimeoutException: Request timeout to hub.lambdatest.com/65.0.196.161:443 after 180000 ms\r\n\tat org.asynchttpclient.netty.timeout.TimeoutTimerTask.expire(TimeoutTimerTask.java:43)\r\n\tat org.asynchttpclient.netty.timeout.RequestTimeoutTimerTask.run(RequestTimeoutTimerTask.java:50)\r\n\tat io.netty.util.HashedWheelTimer$HashedWheelTimeout.run(HashedWheelTimer.java:715)\r\n\tat io.netty.util.concurrent.ImmediateExecutor.execute(ImmediateExecutor.java:34)\r\n\tat io.netty.util.HashedWheelTimer$HashedWheelTimeout.expire(HashedWheelTimer.java:703)\r\n\tat io.netty.util.HashedWheelTimer$HashedWheelBucket.expireTimeouts(HashedWheelTimer.java:790)\r\n\tat io.netty.util.HashedWheelTimer$Worker.run(HashedWheelTimer.java:503)\r\n\tat io.netty.util.concurrent.FastThreadLocalRunnable.run(FastThreadLocalRunnable.java:30)\r\n\t... 1 more\r\n"},"stage":"finished","description":"Login into branch and buy materials from member","steps":[],"attachments":[],"parameters":[],"start":1719449899418,"stop":1719449899421}